
*** Running vivado
    with args -log dsp_macro_0.vds -m64 -product Vivado -mode batch -messageDb vivado.pb -notrace -source dsp_macro_0.tcl



****** Vivado v2023.1 (64-bit)
  **** SW Build 3865809 on Sun May  7 15:05:29 MDT 2023
  **** IP Build 3864474 on Sun May  7 20:36:21 MDT 2023
  **** SharedData Build 3865790 on Sun May 07 13:33:03 MDT 2023
    ** Copyright 1986-2022 Xilinx, Inc. All Rights Reserved.
    ** Copyright 2022-2023 Advanced Micro Devices, Inc. All Rights Reserved.

source dsp_macro_0.tcl -notrace
create_project: Time (s): cpu = 00:00:05 ; elapsed = 00:00:13 . Memory (MB): peak = 1461.574 ; gain = 159.926
INFO: [IP_Flow 19-6924] IPCACHE: Running cache check for IP inst: dsp_macro_0
Command: synth_design -top dsp_macro_0 -part xc7z020clg400-1 -incremental_mode off -mode out_of_context
Starting synth_design
Attempting to get a license for feature 'Synthesis' and/or device 'xc7z020'
INFO: [Common 17-349] Got license for feature 'Synthesis' and/or device 'xc7z020'
INFO: [Device 21-403] Loading part xc7z020clg400-1
INFO: [Synth 8-7079] Multithreading enabled for synth_design using a maximum of 2 processes.
INFO: [Synth 8-7078] Launching helper process for spawning children vivado processes
INFO: [Synth 8-7075] Helper process launched with PID 25724
---------------------------------------------------------------------------------
Starting RTL Elaboration : Time (s): cpu = 00:00:05 ; elapsed = 00:00:12 . Memory (MB): peak = 2319.246 ; gain = 409.898
---------------------------------------------------------------------------------
INFO: [Synth 8-638] synthesizing module 'dsp_macro_0' [d:/DSD2025/advanced_practice_1/GEMV/GEMV.gen/sources_1/ip/dsp_macro_0/synth/dsp_macro_0.vhd:70]
	Parameter C_VERBOSITY bound to: 0 - type: integer 
	Parameter C_MODEL_TYPE bound to: 0 - type: integer 
	Parameter C_XDEVICEFAMILY bound to: zynq - type: string 
	Parameter C_HAS_CE bound to: 1 - type: integer 
	Parameter C_HAS_INDEP_CE bound to: 0 - type: integer 
	Parameter C_HAS_CED bound to: 0 - type: integer 
	Parameter C_HAS_CEA bound to: 0 - type: integer 
	Parameter C_HAS_CEB bound to: 0 - type: integer 
	Parameter C_HAS_CEC bound to: 0 - type: integer 
	Parameter C_HAS_CECONCAT bound to: 0 - type: integer 
	Parameter C_HAS_CEM bound to: 0 - type: integer 
	Parameter C_HAS_CEP bound to: 0 - type: integer 
	Parameter C_HAS_CESEL bound to: 0 - type: integer 
	Parameter C_HAS_SCLR bound to: 0 - type: integer 
	Parameter C_HAS_INDEP_SCLR bound to: 0 - type: integer 
	Parameter C_HAS_SCLRD bound to: 0 - type: integer 
	Parameter C_HAS_SCLRA bound to: 0 - type: integer 
	Parameter C_HAS_SCLRB bound to: 0 - type: integer 
	Parameter C_HAS_SCLRC bound to: 0 - type: integer 
	Parameter C_HAS_SCLRM bound to: 0 - type: integer 
	Parameter C_HAS_SCLRP bound to: 0 - type: integer 
	Parameter C_HAS_SCLRCONCAT bound to: 0 - type: integer 
	Parameter C_HAS_SCLRSEL bound to: 0 - type: integer 
	Parameter C_HAS_CARRYCASCIN bound to: 0 - type: integer 
	Parameter C_HAS_CARRYIN bound to: 0 - type: integer 
	Parameter C_HAS_ACIN bound to: 0 - type: integer 
	Parameter C_HAS_BCIN bound to: 0 - type: integer 
	Parameter C_HAS_PCIN bound to: 0 - type: integer 
	Parameter C_HAS_A bound to: 1 - type: integer 
	Parameter C_HAS_B bound to: 1 - type: integer 
	Parameter C_HAS_D bound to: 0 - type: integer 
	Parameter C_HAS_CONCAT bound to: 0 - type: integer 
	Parameter C_HAS_C bound to: 1 - type: integer 
	Parameter C_SQUARE_FCN bound to: 0 - type: integer 
	Parameter C_A_WIDTH bound to: 8 - type: integer 
	Parameter C_B_WIDTH bound to: 8 - type: integer 
	Parameter C_C_WIDTH bound to: 31 - type: integer 
	Parameter C_D_WIDTH bound to: 18 - type: integer 
	Parameter C_CONCAT_WIDTH bound to: 48 - type: integer 
	Parameter C_P_MSB bound to: 31 - type: integer 
	Parameter C_P_LSB bound to: 0 - type: integer 
	Parameter C_SEL_WIDTH bound to: 0 - type: integer 
	Parameter C_HAS_ACOUT bound to: 0 - type: integer 
	Parameter C_HAS_BCOUT bound to: 0 - type: integer 
	Parameter C_HAS_CARRYCASCOUT bound to: 0 - type: integer 
	Parameter C_HAS_CARRYOUT bound to: 0 - type: integer 
	Parameter C_HAS_PCOUT bound to: 0 - type: integer 
	Parameter C_CONSTANT_1 bound to: 1 - type: integer 
	Parameter C_LATENCY bound to: 128 - type: integer 
	Parameter C_OPMODES bound to: 000000000011010100000000 - type: string 
	Parameter C_REG_CONFIG bound to: 00000000000000000000000001000000 - type: string 
	Parameter C_TEST_CORE bound to: 0 - type: integer 
INFO: [Synth 8-3491] module 'dsp_macro_v1_0_3' declared at 'd:/DSD2025/advanced_practice_1/GEMV/GEMV.gen/sources_1/ip/dsp_macro_0/hdl/dsp_macro_v1_0_rfs.vhd:5245' bound to instance 'U0' of component 'dsp_macro_v1_0_3' [d:/DSD2025/advanced_practice_1/GEMV/GEMV.gen/sources_1/ip/dsp_macro_0/synth/dsp_macro_0.vhd:214]
INFO: [Synth 8-256] done synthesizing module 'dsp_macro_0' (0#1) [d:/DSD2025/advanced_practice_1/GEMV/GEMV.gen/sources_1/ip/dsp_macro_0/synth/dsp_macro_0.vhd:70]
WARNING: [Synth 8-7129] Port CE in module xbip_dsp48e1_wrapper_v3_0 is either unconnected or has no load
WARNING: [Synth 8-7129] Port SCLR in module xbip_dsp48e1_wrapper_v3_0 is either unconnected or has no load
WARNING: [Synth 8-7129] Port CEA1 in module xbip_dsp48e1_wrapper_v3_0 is either unconnected or has no load
WARNING: [Synth 8-7129] Port CEA2 in module xbip_dsp48e1_wrapper_v3_0 is either unconnected or has no load
WARNING: [Synth 8-7129] Port CEB1 in module xbip_dsp48e1_wrapper_v3_0 is either unconnected or has no load
WARNING: [Synth 8-7129] Port CEB2 in module xbip_dsp48e1_wrapper_v3_0 is either unconnected or has no load
WARNING: [Synth 8-7129] Port CEAD in module xbip_dsp48e1_wrapper_v3_0 is either unconnected or has no load
WARNING: [Synth 8-7129] Port CED in module xbip_dsp48e1_wrapper_v3_0 is either unconnected or has no load
WARNING: [Synth 8-7129] Port CEC in module xbip_dsp48e1_wrapper_v3_0 is either unconnected or has no load
WARNING: [Synth 8-7129] Port CECARRYIN in module xbip_dsp48e1_wrapper_v3_0 is either unconnected or has no load
WARNING: [Synth 8-7129] Port CECTRL in module xbip_dsp48e1_wrapper_v3_0 is either unconnected or has no load
WARNING: [Synth 8-7129] Port CEALUMODE in module xbip_dsp48e1_wrapper_v3_0 is either unconnected or has no load
WARNING: [Synth 8-7129] Port CEINMODE in module xbip_dsp48e1_wrapper_v3_0 is either unconnected or has no load
WARNING: [Synth 8-7129] Port CEP in module xbip_dsp48e1_wrapper_v3_0 is either unconnected or has no load
WARNING: [Synth 8-7129] Port SCLRA in module xbip_dsp48e1_wrapper_v3_0 is either unconnected or has no load
WARNING: [Synth 8-7129] Port SCLRB in module xbip_dsp48e1_wrapper_v3_0 is either unconnected or has no load
WARNING: [Synth 8-7129] Port SCLRC in module xbip_dsp48e1_wrapper_v3_0 is either unconnected or has no load
WARNING: [Synth 8-7129] Port SCLRD in module xbip_dsp48e1_wrapper_v3_0 is either unconnected or has no load
WARNING: [Synth 8-7129] Port SCLRCTRL in module xbip_dsp48e1_wrapper_v3_0 is either unconnected or has no load
WARNING: [Synth 8-7129] Port SCLRALUMODE in module xbip_dsp48e1_wrapper_v3_0 is either unconnected or has no load
WARNING: [Synth 8-7129] Port SCLRINMODE in module xbip_dsp48e1_wrapper_v3_0 is either unconnected or has no load
WARNING: [Synth 8-7129] Port SCLRP in module xbip_dsp48e1_wrapper_v3_0 is either unconnected or has no load
WARNING: [Synth 8-7129] Port CLK in module xbip_pipe_v3_0_6_viv__parameterized4 is either unconnected or has no load
WARNING: [Synth 8-7129] Port CE in module xbip_pipe_v3_0_6_viv__parameterized4 is either unconnected or has no load
WARNING: [Synth 8-7129] Port SCLR in module xbip_pipe_v3_0_6_viv__parameterized4 is either unconnected or has no load
WARNING: [Synth 8-7129] Port SSET in module xbip_pipe_v3_0_6_viv__parameterized4 is either unconnected or has no load
WARNING: [Synth 8-7129] Port SINIT in module xbip_pipe_v3_0_6_viv__parameterized4 is either unconnected or has no load
WARNING: [Synth 8-7129] Port CLK in module xbip_pipe_v3_0_6_viv__parameterized3 is either unconnected or has no load
WARNING: [Synth 8-7129] Port CE in module xbip_pipe_v3_0_6_viv__parameterized3 is either unconnected or has no load
WARNING: [Synth 8-7129] Port SCLR in module xbip_pipe_v3_0_6_viv__parameterized3 is either unconnected or has no load
WARNING: [Synth 8-7129] Port SSET in module xbip_pipe_v3_0_6_viv__parameterized3 is either unconnected or has no load
WARNING: [Synth 8-7129] Port SINIT in module xbip_pipe_v3_0_6_viv__parameterized3 is either unconnected or has no load
WARNING: [Synth 8-7129] Port CLK in module xbip_pipe_v3_0_6_viv__parameterized2 is either unconnected or has no load
WARNING: [Synth 8-7129] Port CE in module xbip_pipe_v3_0_6_viv__parameterized2 is either unconnected or has no load
WARNING: [Synth 8-7129] Port SCLR in module xbip_pipe_v3_0_6_viv__parameterized2 is either unconnected or has no load
WARNING: [Synth 8-7129] Port SSET in module xbip_pipe_v3_0_6_viv__parameterized2 is either unconnected or has no load
WARNING: [Synth 8-7129] Port SINIT in module xbip_pipe_v3_0_6_viv__parameterized2 is either unconnected or has no load
WARNING: [Synth 8-7129] Port CLK in module xbip_pipe_v3_0_6_viv__parameterized1 is either unconnected or has no load
WARNING: [Synth 8-7129] Port CE in module xbip_pipe_v3_0_6_viv__parameterized1 is either unconnected or has no load
WARNING: [Synth 8-7129] Port SCLR in module xbip_pipe_v3_0_6_viv__parameterized1 is either unconnected or has no load
WARNING: [Synth 8-7129] Port SSET in module xbip_pipe_v3_0_6_viv__parameterized1 is either unconnected or has no load
WARNING: [Synth 8-7129] Port SINIT in module xbip_pipe_v3_0_6_viv__parameterized1 is either unconnected or has no load
WARNING: [Synth 8-7129] Port CLK in module xbip_pipe_v3_0_6_viv__parameterized0 is either unconnected or has no load
WARNING: [Synth 8-7129] Port CE in module xbip_pipe_v3_0_6_viv__parameterized0 is either unconnected or has no load
WARNING: [Synth 8-7129] Port SCLR in module xbip_pipe_v3_0_6_viv__parameterized0 is either unconnected or has no load
WARNING: [Synth 8-7129] Port SSET in module xbip_pipe_v3_0_6_viv__parameterized0 is either unconnected or has no load
WARNING: [Synth 8-7129] Port SINIT in module xbip_pipe_v3_0_6_viv__parameterized0 is either unconnected or has no load
WARNING: [Synth 8-7129] Port CLK in module xbip_pipe_v3_0_6_viv is either unconnected or has no load
WARNING: [Synth 8-7129] Port CE in module xbip_pipe_v3_0_6_viv is either unconnected or has no load
WARNING: [Synth 8-7129] Port SCLR in module xbip_pipe_v3_0_6_viv is either unconnected or has no load
WARNING: [Synth 8-7129] Port SSET in module xbip_pipe_v3_0_6_viv is either unconnected or has no load
WARNING: [Synth 8-7129] Port SINIT in module xbip_pipe_v3_0_6_viv is either unconnected or has no load
WARNING: [Synth 8-7129] Port SCLR in module dsp_macro_synth is either unconnected or has no load
WARNING: [Synth 8-7129] Port SEL[0] in module dsp_macro_synth is either unconnected or has no load
WARNING: [Synth 8-7129] Port D[17] in module dsp_macro_synth is either unconnected or has no load
WARNING: [Synth 8-7129] Port D[16] in module dsp_macro_synth is either unconnected or has no load
WARNING: [Synth 8-7129] Port D[15] in module dsp_macro_synth is either unconnected or has no load
WARNING: [Synth 8-7129] Port D[14] in module dsp_macro_synth is either unconnected or has no load
WARNING: [Synth 8-7129] Port D[13] in module dsp_macro_synth is either unconnected or has no load
WARNING: [Synth 8-7129] Port D[12] in module dsp_macro_synth is either unconnected or has no load
WARNING: [Synth 8-7129] Port D[11] in module dsp_macro_synth is either unconnected or has no load
WARNING: [Synth 8-7129] Port D[10] in module dsp_macro_synth is either unconnected or has no load
WARNING: [Synth 8-7129] Port D[9] in module dsp_macro_synth is either unconnected or has no load
WARNING: [Synth 8-7129] Port D[8] in module dsp_macro_synth is either unconnected or has no load
WARNING: [Synth 8-7129] Port D[7] in module dsp_macro_synth is either unconnected or has no load
WARNING: [Synth 8-7129] Port D[6] in module dsp_macro_synth is either unconnected or has no load
WARNING: [Synth 8-7129] Port D[5] in module dsp_macro_synth is either unconnected or has no load
WARNING: [Synth 8-7129] Port D[4] in module dsp_macro_synth is either unconnected or has no load
WARNING: [Synth 8-7129] Port D[3] in module dsp_macro_synth is either unconnected or has no load
WARNING: [Synth 8-7129] Port D[2] in module dsp_macro_synth is either unconnected or has no load
WARNING: [Synth 8-7129] Port D[1] in module dsp_macro_synth is either unconnected or has no load
WARNING: [Synth 8-7129] Port D[0] in module dsp_macro_synth is either unconnected or has no load
WARNING: [Synth 8-7129] Port CONCAT[47] in module dsp_macro_synth is either unconnected or has no load
WARNING: [Synth 8-7129] Port CONCAT[46] in module dsp_macro_synth is either unconnected or has no load
WARNING: [Synth 8-7129] Port CONCAT[45] in module dsp_macro_synth is either unconnected or has no load
WARNING: [Synth 8-7129] Port CONCAT[44] in module dsp_macro_synth is either unconnected or has no load
WARNING: [Synth 8-7129] Port CONCAT[43] in module dsp_macro_synth is either unconnected or has no load
WARNING: [Synth 8-7129] Port CONCAT[42] in module dsp_macro_synth is either unconnected or has no load
WARNING: [Synth 8-7129] Port CONCAT[41] in module dsp_macro_synth is either unconnected or has no load
WARNING: [Synth 8-7129] Port CONCAT[40] in module dsp_macro_synth is either unconnected or has no load
WARNING: [Synth 8-7129] Port CONCAT[39] in module dsp_macro_synth is either unconnected or has no load
WARNING: [Synth 8-7129] Port CONCAT[38] in module dsp_macro_synth is either unconnected or has no load
WARNING: [Synth 8-7129] Port CONCAT[37] in module dsp_macro_synth is either unconnected or has no load
WARNING: [Synth 8-7129] Port CONCAT[36] in module dsp_macro_synth is either unconnected or has no load
WARNING: [Synth 8-7129] Port CONCAT[35] in module dsp_macro_synth is either unconnected or has no load
WARNING: [Synth 8-7129] Port CONCAT[34] in module dsp_macro_synth is either unconnected or has no load
WARNING: [Synth 8-7129] Port CONCAT[33] in module dsp_macro_synth is either unconnected or has no load
WARNING: [Synth 8-7129] Port CONCAT[32] in module dsp_macro_synth is either unconnected or has no load
WARNING: [Synth 8-7129] Port CONCAT[31] in module dsp_macro_synth is either unconnected or has no load
WARNING: [Synth 8-7129] Port CONCAT[30] in module dsp_macro_synth is either unconnected or has no load
WARNING: [Synth 8-7129] Port CONCAT[29] in module dsp_macro_synth is either unconnected or has no load
WARNING: [Synth 8-7129] Port CONCAT[28] in module dsp_macro_synth is either unconnected or has no load
WARNING: [Synth 8-7129] Port CONCAT[27] in module dsp_macro_synth is either unconnected or has no load
WARNING: [Synth 8-7129] Port CONCAT[26] in module dsp_macro_synth is either unconnected or has no load
WARNING: [Synth 8-7129] Port CONCAT[25] in module dsp_macro_synth is either unconnected or has no load
WARNING: [Synth 8-7129] Port CONCAT[24] in module dsp_macro_synth is either unconnected or has no load
WARNING: [Synth 8-7129] Port CONCAT[23] in module dsp_macro_synth is either unconnected or has no load
WARNING: [Synth 8-7129] Port CONCAT[22] in module dsp_macro_synth is either unconnected or has no load
WARNING: [Synth 8-7129] Port CONCAT[21] in module dsp_macro_synth is either unconnected or has no load
WARNING: [Synth 8-7129] Port CONCAT[20] in module dsp_macro_synth is either unconnected or has no load
INFO: [Common 17-14] Message 'Synth 8-7129' appears 100 times and further instances of the messages will be disabled. Use the Tcl command set_msg_config to change the current settings.
---------------------------------------------------------------------------------
Finished RTL Elaboration : Time (s): cpu = 00:00:07 ; elapsed = 00:00:18 . Memory (MB): peak = 2446.523 ; gain = 537.176
---------------------------------------------------------------------------------
---------------------------------------------------------------------------------
Start Handling Custom Attributes
---------------------------------------------------------------------------------
---------------------------------------------------------------------------------
Finished Handling Custom Attributes : Time (s): cpu = 00:00:07 ; elapsed = 00:00:18 . Memory (MB): peak = 2464.328 ; gain = 554.980
---------------------------------------------------------------------------------
---------------------------------------------------------------------------------
Finished RTL Optimization Phase 1 : Time (s): cpu = 00:00:07 ; elapsed = 00:00:18 . Memory (MB): peak = 2464.328 ; gain = 554.980
---------------------------------------------------------------------------------
Netlist sorting complete. Time (s): cpu = 00:00:00 ; elapsed = 00:00:00.013 . Memory (MB): peak = 2476.406 ; gain = 0.000
INFO: [Netlist 29-17] Analyzing 1 Unisim elements for replacement
INFO: [Netlist 29-28] Unisim Transformation completed in 0 CPU seconds
INFO: [Project 1-570] Preparing netlist for logic optimization

Processing XDC Constraints
Initializing timing engine
Parsing XDC File [d:/DSD2025/advanced_practice_1/GEMV/GEMV.gen/sources_1/ip/dsp_macro_0/dsp_macro_0_ooc.xdc] for cell 'U0'
Finished Parsing XDC File [d:/DSD2025/advanced_practice_1/GEMV/GEMV.gen/sources_1/ip/dsp_macro_0/dsp_macro_0_ooc.xdc] for cell 'U0'
Parsing XDC File [D:/DSD2025/advanced_practice_1/GEMV/GEMV.runs/dsp_macro_0_synth_1/dont_touch.xdc]
Finished Parsing XDC File [D:/DSD2025/advanced_practice_1/GEMV/GEMV.runs/dsp_macro_0_synth_1/dont_touch.xdc]
Completed Processing XDC Constraints

Netlist sorting complete. Time (s): cpu = 00:00:00 ; elapsed = 00:00:00 . Memory (MB): peak = 2493.234 ; gain = 0.000
INFO: [Project 1-111] Unisim Transformation Summary:
No Unisim elements were transformed.

Constraint Validation Runtime : Time (s): cpu = 00:00:00 ; elapsed = 00:00:00.056 . Memory (MB): peak = 2493.234 ; gain = 0.000
INFO: [Designutils 20-5008] Incremental synthesis strategy off
---------------------------------------------------------------------------------
Finished Constraint Validation : Time (s): cpu = 00:00:13 ; elapsed = 00:00:31 . Memory (MB): peak = 2493.234 ; gain = 583.887
---------------------------------------------------------------------------------
---------------------------------------------------------------------------------
Start Loading Part and Timing Information
---------------------------------------------------------------------------------
Loading part: xc7z020clg400-1
---------------------------------------------------------------------------------
Finished Loading Part and Timing Information : Time (s): cpu = 00:00:13 ; elapsed = 00:00:31 . Memory (MB): peak = 2493.234 ; gain = 583.887
---------------------------------------------------------------------------------
---------------------------------------------------------------------------------
Start Applying 'set_property' XDC Constraints
---------------------------------------------------------------------------------
Applied set_property KEEP_HIERARCHY = SOFT for U0. (constraint file  D:/DSD2025/advanced_practice_1/GEMV/GEMV.runs/dsp_macro_0_synth_1/dont_touch.xdc, line 9).
---------------------------------------------------------------------------------
Finished applying 'set_property' XDC Constraints : Time (s): cpu = 00:00:13 ; elapsed = 00:00:31 . Memory (MB): peak = 2493.234 ; gain = 583.887
---------------------------------------------------------------------------------
---------------------------------------------------------------------------------
Finished RTL Optimization Phase 2 : Time (s): cpu = 00:00:13 ; elapsed = 00:00:31 . Memory (MB): peak = 2493.234 ; gain = 583.887
---------------------------------------------------------------------------------
---------------------------------------------------------------------------------
Start RTL Component Statistics 
---------------------------------------------------------------------------------
---------------------------------------------------------------------------------
Finished RTL Component Statistics 
---------------------------------------------------------------------------------
---------------------------------------------------------------------------------
Start Part Resource Summary
---------------------------------------------------------------------------------
Part Resources:
DSPs: 220 (col length:60)
BRAMs: 280 (col length: RAMB18 60 RAMB36 30)
---------------------------------------------------------------------------------
Finished Part Resource Summary
---------------------------------------------------------------------------------
---------------------------------------------------------------------------------
Start Cross Boundary and Area Optimization
---------------------------------------------------------------------------------
WARNING: [Synth 8-7080] Parallel synthesis criteria is not met
---------------------------------------------------------------------------------
Finished Cross Boundary and Area Optimization : Time (s): cpu = 00:00:14 ; elapsed = 00:00:34 . Memory (MB): peak = 2493.234 ; gain = 583.887
---------------------------------------------------------------------------------
---------------------------------------------------------------------------------
Start Applying XDC Timing Constraints
---------------------------------------------------------------------------------
---------------------------------------------------------------------------------
Finished Applying XDC Timing Constraints : Time (s): cpu = 00:00:21 ; elapsed = 00:00:50 . Memory (MB): peak = 2493.234 ; gain = 583.887
---------------------------------------------------------------------------------
---------------------------------------------------------------------------------
Start Timing Optimization
---------------------------------------------------------------------------------
---------------------------------------------------------------------------------
Finished Timing Optimization : Time (s): cpu = 00:00:21 ; elapsed = 00:00:51 . Memory (MB): peak = 2493.234 ; gain = 583.887
---------------------------------------------------------------------------------
---------------------------------------------------------------------------------
Start Technology Mapping
---------------------------------------------------------------------------------
---------------------------------------------------------------------------------
Finished Technology Mapping : Time (s): cpu = 00:00:21 ; elapsed = 00:00:51 . Memory (MB): peak = 2493.234 ; gain = 583.887
---------------------------------------------------------------------------------
---------------------------------------------------------------------------------
Start IO Insertion
---------------------------------------------------------------------------------
---------------------------------------------------------------------------------
Start Flattening Before IO Insertion
---------------------------------------------------------------------------------
---------------------------------------------------------------------------------
Finished Flattening Before IO Insertion
---------------------------------------------------------------------------------
---------------------------------------------------------------------------------
Start Final Netlist Cleanup
---------------------------------------------------------------------------------
---------------------------------------------------------------------------------
Finished Final Netlist Cleanup
---------------------------------------------------------------------------------
---------------------------------------------------------------------------------
Finished IO Insertion : Time (s): cpu = 00:00:24 ; elapsed = 00:01:00 . Memory (MB): peak = 2493.234 ; gain = 583.887
---------------------------------------------------------------------------------
---------------------------------------------------------------------------------
Start Renaming Generated Instances
---------------------------------------------------------------------------------
---------------------------------------------------------------------------------
Finished Renaming Generated Instances : Time (s): cpu = 00:00:24 ; elapsed = 00:01:00 . Memory (MB): peak = 2493.234 ; gain = 583.887
---------------------------------------------------------------------------------
---------------------------------------------------------------------------------
Start Rebuilding User Hierarchy
---------------------------------------------------------------------------------
---------------------------------------------------------------------------------
Finished Rebuilding User Hierarchy : Time (s): cpu = 00:00:24 ; elapsed = 00:01:00 . Memory (MB): peak = 2493.234 ; gain = 583.887
---------------------------------------------------------------------------------
---------------------------------------------------------------------------------
Start Renaming Generated Ports
---------------------------------------------------------------------------------
---------------------------------------------------------------------------------
Finished Renaming Generated Ports : Time (s): cpu = 00:00:24 ; elapsed = 00:01:00 . Memory (MB): peak = 2493.234 ; gain = 583.887
---------------------------------------------------------------------------------
---------------------------------------------------------------------------------
Start Handling Custom Attributes
---------------------------------------------------------------------------------
---------------------------------------------------------------------------------
Finished Handling Custom Attributes : Time (s): cpu = 00:00:24 ; elapsed = 00:01:00 . Memory (MB): peak = 2493.234 ; gain = 583.887
---------------------------------------------------------------------------------
---------------------------------------------------------------------------------
Start Renaming Generated Nets
---------------------------------------------------------------------------------
---------------------------------------------------------------------------------
Finished Renaming Generated Nets : Time (s): cpu = 00:00:24 ; elapsed = 00:01:00 . Memory (MB): peak = 2493.234 ; gain = 583.887
---------------------------------------------------------------------------------
---------------------------------------------------------------------------------
Start Writing Synthesis Report
---------------------------------------------------------------------------------

DSP Final Report (the ' indicates corresponding REG is set)
+--------------------------+-------------+--------+--------+--------+--------+--------+------+------+------+------+-------+------+------+
|Module Name               | DSP Mapping | A Size | B Size | C Size | D Size | P Size | AREG | BREG | CREG | DREG | ADREG | MREG | PREG | 
+--------------------------+-------------+--------+--------+--------+--------+--------+------+------+------+------+-------+------+------+
|xbip_dsp48e1_wrapper_v3_0 | C+(A*B)'    | 30     | 18     | 48     | -      | 48     | 0    | 0    | 0    | -    | -     | 1    | 0    | 
+--------------------------+-------------+--------+--------+--------+--------+--------+------+------+------+------+-------+------+------+


Report BlackBoxes: 
+-+--------------+----------+
| |BlackBox name |Instances |
+-+--------------+----------+
+-+--------------+----------+

Report Cell Usage: 
+------+--------+------+
|      |Cell    |Count |
+------+--------+------+
|1     |DSP48E1 |     1|
+------+--------+------+
---------------------------------------------------------------------------------
Finished Writing Synthesis Report : Time (s): cpu = 00:00:24 ; elapsed = 00:01:00 . Memory (MB): peak = 2493.234 ; gain = 583.887
---------------------------------------------------------------------------------
Synthesis finished with 0 errors, 0 critical warnings and 109 warnings.
Synthesis Optimization Runtime : Time (s): cpu = 00:00:16 ; elapsed = 00:00:57 . Memory (MB): peak = 2493.234 ; gain = 554.980
Synthesis Optimization Complete : Time (s): cpu = 00:00:24 ; elapsed = 00:01:00 . Memory (MB): peak = 2493.234 ; gain = 583.887
INFO: [Project 1-571] Translating synthesized netlist
Netlist sorting complete. Time (s): cpu = 00:00:00 ; elapsed = 00:00:00.006 . Memory (MB): peak = 2493.234 ; gain = 0.000
INFO: [Netlist 29-17] Analyzing 1 Unisim elements for replacement
INFO: [Netlist 29-28] Unisim Transformation completed in 0 CPU seconds
INFO: [Project 1-570] Preparing netlist for logic optimization
INFO: [Opt 31-138] Pushed 0 inverter(s) to 0 load pin(s).
Netlist sorting complete. Time (s): cpu = 00:00:00 ; elapsed = 00:00:00 . Memory (MB): peak = 2493.234 ; gain = 0.000
INFO: [Project 1-111] Unisim Transformation Summary:
No Unisim elements were transformed.

Synth Design complete | Checksum: 303917bd
INFO: [Common 17-83] Releasing license: Synthesis
22 Infos, 101 Warnings, 0 Critical Warnings and 0 Errors encountered.
synth_design completed successfully
synth_design: Time (s): cpu = 00:00:29 ; elapsed = 00:01:14 . Memory (MB): peak = 2493.234 ; gain = 990.648
INFO: [Common 17-1381] The checkpoint 'D:/DSD2025/advanced_practice_1/GEMV/GEMV.runs/dsp_macro_0_synth_1/dsp_macro_0.dcp' has been generated.
INFO: [Coretcl 2-1648] Added synthesis output to IP cache for IP dsp_macro_0, cache-ID = a120563181dc161d
INFO: [Coretcl 2-1174] Renamed 4 cell refs.
INFO: [Common 17-1381] The checkpoint 'D:/DSD2025/advanced_practice_1/GEMV/GEMV.runs/dsp_macro_0_synth_1/dsp_macro_0.dcp' has been generated.
INFO: [runtcl-4] Executing : report_utilization -file dsp_macro_0_utilization_synth.rpt -pb dsp_macro_0_utilization_synth.pb
INFO: [Common 17-206] Exiting Vivado at Mon Apr 14 16:21:31 2025...
