#-----------------------------------------------------------
# Vivado v2023.1 (64-bit)
# SW Build 3865809 on Sun May  7 15:05:29 MDT 2023
# IP Build 3864474 on Sun May  7 20:36:21 MDT 2023
# SharedData Build 3865790 on Sun May 07 13:33:03 MDT 2023
# Start of session at: Thu Sep  4 21:46:44 2025
# Process ID: 25792
# Current directory: D:/DSD2025/advanced_practice_1/prob1_GEMV
# Command line: vivado.exe -gui_launcher_event rodinguilauncherevent5640 D:\DSD2025\advanced_practice_1\prob1_GEMV\GEMV.xpr
# Log file: D:/DSD2025/advanced_practice_1/prob1_GEMV/vivado.log
# Journal file: D:/DSD2025/advanced_practice_1/prob1_GEMV\vivado.jou
# Running On: DESKTOP-INFKKCG, OS: Windows, CPU Frequency: 1498 MHz, CPU Physical cores: 4, Host memory: 16930 MB
#-----------------------------------------------------------
start_gui
open_project D:/DSD2025/advanced_practice_1/prob1_GEMV/GEMV.xpr
INFO: [Project 1-313] Project file moved from 'D:/DSD2025/advanced_practice_1/GEMV' since last save.
CRITICAL WARNING: [Project 1-311] Could not find the file 'D:/DSD2025/advanced_practice_1/prob1_GEMV/GEMV.srcs/sources_1/imports/new/MAC.v', nor could it be found using path 'D:/DSD2025/advanced_practice_1/GEMV/GEMV.srcs/sources_1/imports/new/MAC.v'.
Scanning sources...
Finished scanning sources
INFO: [IP_Flow 19-234] Refreshing IP repositories
INFO: [IP_Flow 19-1704] No user IP repositories specified
WARNING: [Board 49-26] cannot add Board Part xilinx.com:vek280_es:part0:1.0 available at D:/Xilinx/Vivado/2023.1/data/xhub/boards/XilinxBoardStore/boards/Xilinx/vek280/es/rev_a/1.0/board.xml as part xcve2802-vsvh1760-2lp-e-s-es1 specified in board_part file is either invalid or not available
WARNING: [Board 49-26] cannot add Board Part xilinx.com:vek280_es:part0:1.1 available at D:/Xilinx/Vivado/2023.1/data/xhub/boards/XilinxBoardStore/boards/Xilinx/vek280/es/rev_a/1.1/board.xml as part xcve2802-vsvh1760-2lp-e-s-es1 specified in board_part file is either invalid or not available
WARNING: [Board 49-26] cannot add Board Part xilinx.com:vek280_es_revb:part0:1.0 available at D:/Xilinx/Vivado/2023.1/data/xhub/boards/XilinxBoardStore/boards/Xilinx/vek280/es/rev_b/1.0/board.xml as part xcve2802-vsvh1760-2mp-e-s-es1 specified in board_part file is either invalid or not available
WARNING: [Board 49-26] cannot add Board Part xilinx.com:vek280_es_revb:part0:1.1 available at D:/Xilinx/Vivado/2023.1/data/xhub/boards/XilinxBoardStore/boards/Xilinx/vek280/es/rev_b/1.1/board.xml as part xcve2802-vsvh1760-2mp-e-s-es1 specified in board_part file is either invalid or not available
WARNING: [Board 49-26] cannot add Board Part xilinx.com:vhk158_es:part0:1.0 available at D:/Xilinx/Vivado/2023.1/data/xhub/boards/XilinxBoardStore/boards/Xilinx/vhk158/es/1.0/board.xml as part xcvh1582-vsva3697-2mp-e-s-es1 specified in board_part file is either invalid or not available
WARNING: [Board 49-26] cannot add Board Part xilinx.com:vhk158_es:part0:1.1 available at D:/Xilinx/Vivado/2023.1/data/xhub/boards/XilinxBoardStore/boards/Xilinx/vhk158/es/1.1/board.xml as part xcvh1582-vsva3697-2mp-e-s-es1 specified in board_part file is either invalid or not available
WARNING: [Board 49-26] cannot add Board Part xilinx.com:vpk120_es:part0:1.2 available at D:/Xilinx/Vivado/2023.1/data/xhub/boards/XilinxBoardStore/boards/Xilinx/vpk120/es/1.2/board.xml as part xcvp1202-vsva2785-2mp-e-s-es1 specified in board_part file is either invalid or not available
WARNING: [Board 49-26] cannot add Board Part xilinx.com:vpk120_es:part0:1.3 available at D:/Xilinx/Vivado/2023.1/data/xhub/boards/XilinxBoardStore/boards/Xilinx/vpk120/es/1.3/board.xml as part xcvp1202-vsva2785-2mp-e-s-es1 specified in board_part file is either invalid or not available
WARNING: [Board 49-26] cannot add Board Part xilinx.com:vpk120_es_revb:part0:1.0 available at D:/Xilinx/Vivado/2023.1/data/xhub/boards/XilinxBoardStore/boards/Xilinx/vpk120_revb/es/1.0/board.xml as part xcvp1202-vsva2785-2mp-e-s-es1 specified in board_part file is either invalid or not available
WARNING: [Board 49-26] cannot add Board Part xilinx.com:vpk120_es_revb:part0:1.1 available at D:/Xilinx/Vivado/2023.1/data/xhub/boards/XilinxBoardStore/boards/Xilinx/vpk120_revb/es/1.1/board.xml as part xcvp1202-vsva2785-2mp-e-s-es1 specified in board_part file is either invalid or not available
WARNING: [Board 49-26] cannot add Board Part xilinx.com:vpk180_es:part0:1.0 available at D:/Xilinx/Vivado/2023.1/data/xhub/boards/XilinxBoardStore/boards/Xilinx/vpk180/es/1.0/board.xml as part xcvp1802-lsvc4072-2mp-e-s-es1 specified in board_part file is either invalid or not available
WARNING: [Board 49-26] cannot add Board Part xilinx.com:vpk180_es:part0:1.1 available at D:/Xilinx/Vivado/2023.1/data/xhub/boards/XilinxBoardStore/boards/Xilinx/vpk180/es/1.1/board.xml as part xcvp1802-lsvc4072-2mp-e-s-es1 specified in board_part file is either invalid or not available
WARNING: [Board 49-26] cannot add Board Part xilinx.com:zcu208ld:part0:2.0 available at D:/Xilinx/Vivado/2023.1/data/xhub/boards/XilinxBoardStore/boards/Xilinx/zcu208ld/production/2.0/board.xml as part xczu58dr-fsvg1517-2-i specified in board_part file is either invalid or not available
WARNING: [Board 49-26] cannot add Board Part xilinx.com:zcu216ld:part0:2.0 available at D:/Xilinx/Vivado/2023.1/data/xhub/boards/XilinxBoardStore/boards/Xilinx/zcu216ld/production/2.0/board.xml as part xczu59dr-ffvf1760-2-i specified in board_part file is either invalid or not available
WARNING: [Board 49-26] cannot add Board Part xilinx.com:zcu670:part0:2.0 available at D:/Xilinx/Vivado/2023.1/data/xhub/boards/XilinxBoardStore/boards/Xilinx/zcu670/2.0/board.xml as part xczu67dr-fsve1156-2-i specified in board_part file is either invalid or not available
WARNING: [Board 49-26] cannot add Board Part xilinx.com:zcu670ld:part0:1.0 available at D:/Xilinx/Vivado/2023.1/data/xhub/boards/XilinxBoardStore/boards/Xilinx/zcu670ld/1.0/board.xml as part xczu57dr-fsve1156-2-i specified in board_part file is either invalid or not available
INFO: [IP_Flow 19-2313] Loaded Vivado IP repository 'D:/Xilinx/Vivado/2023.1/data/ip'.
open_project: Time (s): cpu = 00:00:26 ; elapsed = 00:00:12 . Memory (MB): peak = 2483.695 ; gain = 403.773
update_compile_order -fileset sources_1
add_files -norecurse D:/DSD2025/advanced_practice_1/prob1_GEMV/GEMV.srcs/sources_1/new/MAC.v
update_compile_order -fileset sources_1
export_ip_user_files -of_objects  [get_files D:/DSD2025/advanced_practice_1/prob1_GEMV/GEMV.srcs/sources_1/imports/new/MAC.v] -no_script -reset -force -quiet
remove_files  D:/DSD2025/advanced_practice_1/prob1_GEMV/GEMV.srcs/sources_1/imports/new/MAC.v
launch_simulation
Command: launch_simulation 
INFO: [Vivado 12-12493] Simulation top is 'tb_gemv'
WARNING: [Vivado 12-13340] Unable to auto find GCC executables from simulator install path! (path not set)
INFO: [Vivado 12-5698] Checking validity of IPs in the design for the 'XSim' simulator...
INFO: [Vivado 12-5682] Launching behavioral simulation in 'D:/DSD2025/advanced_practice_1/prob1_GEMV/GEMV.sim/sim_1/behav/xsim'
INFO: [Vivado 12-4795] Using compiled simulation libraries for IPs
INFO: [SIM-utils-51] Simulation object is 'sim_1'
INFO: [SIM-utils-72] Using boost library from 'D:/Xilinx/Vivado/2023.1/tps/boost_1_72_0'
INFO: [USF-XSim-7] Finding pre-compiled libraries...
INFO: [USF-XSim-11] File 'D:/Xilinx/Vivado/2023.1/data/xsim/xsim.ini' copied to run dir:'D:/DSD2025/advanced_practice_1/prob1_GEMV/GEMV.sim/sim_1/behav/xsim'
INFO: [SIM-utils-54] Inspecting design source files for 'tb_gemv' in fileset 'sim_1'...
INFO: [USF-XSim-97] Finding global include files...
INFO: [USF-XSim-98] Fetching design files from 'sim_1'...
INFO: [USF-XSim-2] XSim::Compile design
INFO: [USF-XSim-61] Executing 'COMPILE and ANALYZE' step in 'D:/DSD2025/advanced_practice_1/prob1_GEMV/GEMV.sim/sim_1/behav/xsim'
"xvlog --incr --relax -prj tb_gemv_vlog.prj"
INFO: [VRFC 10-2263] Analyzing Verilog file "D:/DSD2025/advanced_practice_1/prob1_GEMV/GEMV.srcs/sources_1/new/MAC.v" into library xil_defaultlib
INFO: [VRFC 10-311] analyzing module MAC
INFO: [VRFC 10-2263] Analyzing Verilog file "D:/DSD2025/advanced_practice_1/prob1_GEMV/GEMV.srcs/sources_1/new/gemv.v" into library xil_defaultlib
INFO: [VRFC 10-311] analyzing module gemv
INFO: [VRFC 10-2263] Analyzing Verilog file "D:/DSD2025/advanced_practice_1/prob1_GEMV/GEMV.srcs/sim_1/new/tb_gemv.v" into library xil_defaultlib
INFO: [VRFC 10-311] analyzing module tb_gemv
INFO: [VRFC 10-2263] Analyzing Verilog file "D:/DSD2025/advanced_practice_1/prob1_GEMV/GEMV.sim/sim_1/behav/xsim/glbl.v" into library xil_defaultlib
INFO: [VRFC 10-311] analyzing module glbl
"xvhdl --incr --relax -prj tb_gemv_vhdl.prj"
INFO: [VRFC 10-163] Analyzing VHDL file "D:/DSD2025/advanced_practice_1/prob1_GEMV/GEMV.gen/sources_1/ip/dsp_macro_0/sim/dsp_macro_0.vhd" into library xil_defaultlib
INFO: [VRFC 10-3107] analyzing entity 'dsp_macro_0'
INFO: [USF-XSim-69] 'compile' step finished in '4' seconds
INFO: [USF-XSim-3] XSim::Elaborate design
INFO: [USF-XSim-61] Executing 'ELABORATE' step in 'D:/DSD2025/advanced_practice_1/prob1_GEMV/GEMV.sim/sim_1/behav/xsim'
"xelab --incr --debug typical --relax --mt 2 -L xil_defaultlib -L xbip_dsp48_wrapper_v3_0_4 -L xbip_utils_v3_0_10 -L xbip_pipe_v3_0_6 -L dsp_macro_v1_0_3 -L unisims_ver -L unimacro_ver -L secureip -L xpm --snapshot tb_gemv_behav xil_defaultlib.tb_gemv xil_defaultlib.glbl -log elaborate.log"
Vivado Simulator v2023.1
Copyright 1986-2022 Xilinx, Inc. All Rights Reserved.
Copyright 2022-2023 Advanced Micro Devices, Inc. All Rights Reserved.
Running: D:/Xilinx/Vivado/2023.1/bin/unwrapped/win64.o/xelab.exe --incr --debug typical --relax --mt 2 -L xil_defaultlib -L xbip_dsp48_wrapper_v3_0_4 -L xbip_utils_v3_0_10 -L xbip_pipe_v3_0_6 -L dsp_macro_v1_0_3 -L unisims_ver -L unimacro_ver -L secureip -L xpm --snapshot tb_gemv_behav xil_defaultlib.tb_gemv xil_defaultlib.glbl -log elaborate.log 
Using 2 slave threads.
Starting static elaboration
Pass Through NonSizing Optimizer
Completed static elaboration
Starting simulation data flow analysis
WARNING: [XSIM 43-4099] "D:/DSD2025/advanced_practice_1/prob1_GEMV/GEMV.srcs/sources_1/new/gemv.v" Line 1. Module gemv_default doesn't have a timescale but at least one module in design has a timescale.
WARNING: [XSIM 43-4099] "D:/DSD2025/advanced_practice_1/prob1_GEMV/GEMV.srcs/sources_1/new/MAC.v" Line 1. Module MAC doesn't have a timescale but at least one module in design has a timescale.
WARNING: [XSIM 43-4099] "D:/DSD2025/advanced_practice_1/prob1_GEMV/GEMV.srcs/sources_1/new/MAC.v" Line 1. Module MAC doesn't have a timescale but at least one module in design has a timescale.
WARNING: [XSIM 43-4099] "D:/DSD2025/advanced_practice_1/prob1_GEMV/GEMV.srcs/sources_1/new/MAC.v" Line 1. Module MAC doesn't have a timescale but at least one module in design has a timescale.
WARNING: [XSIM 43-4099] "D:/DSD2025/advanced_practice_1/prob1_GEMV/GEMV.srcs/sources_1/new/MAC.v" Line 1. Module MAC doesn't have a timescale but at least one module in design has a timescale.
WARNING: [XSIM 43-4099] "D:/DSD2025/advanced_practice_1/prob1_GEMV/GEMV.srcs/sources_1/new/MAC.v" Line 1. Module MAC doesn't have a timescale but at least one module in design has a timescale.
WARNING: [XSIM 43-4099] "D:/DSD2025/advanced_practice_1/prob1_GEMV/GEMV.srcs/sources_1/new/MAC.v" Line 1. Module MAC doesn't have a timescale but at least one module in design has a timescale.
WARNING: [XSIM 43-4099] "D:/DSD2025/advanced_practice_1/prob1_GEMV/GEMV.srcs/sources_1/new/MAC.v" Line 1. Module MAC doesn't have a timescale but at least one module in design has a timescale.
WARNING: [XSIM 43-4099] "D:/DSD2025/advanced_practice_1/prob1_GEMV/GEMV.srcs/sources_1/new/MAC.v" Line 1. Module MAC doesn't have a timescale but at least one module in design has a timescale.
WARNING: [XSIM 43-4099] "D:/DSD2025/advanced_practice_1/prob1_GEMV/GEMV.srcs/sources_1/new/MAC.v" Line 1. Module MAC doesn't have a timescale but at least one module in design has a timescale.
WARNING: [XSIM 43-4099] "D:/DSD2025/advanced_practice_1/prob1_GEMV/GEMV.srcs/sources_1/new/MAC.v" Line 1. Module MAC doesn't have a timescale but at least one module in design has a timescale.
WARNING: [XSIM 43-4099] "D:/DSD2025/advanced_practice_1/prob1_GEMV/GEMV.srcs/sources_1/new/MAC.v" Line 1. Module MAC doesn't have a timescale but at least one module in design has a timescale.
WARNING: [XSIM 43-4099] "D:/DSD2025/advanced_practice_1/prob1_GEMV/GEMV.srcs/sources_1/new/MAC.v" Line 1. Module MAC doesn't have a timescale but at least one module in design has a timescale.
WARNING: [XSIM 43-4099] "D:/DSD2025/advanced_practice_1/prob1_GEMV/GEMV.srcs/sources_1/new/MAC.v" Line 1. Module MAC doesn't have a timescale but at least one module in design has a timescale.
WARNING: [XSIM 43-4099] "D:/DSD2025/advanced_practice_1/prob1_GEMV/GEMV.srcs/sources_1/new/MAC.v" Line 1. Module MAC doesn't have a timescale but at least one module in design has a timescale.
WARNING: [XSIM 43-4099] "D:/DSD2025/advanced_practice_1/prob1_GEMV/GEMV.srcs/sources_1/new/MAC.v" Line 1. Module MAC doesn't have a timescale but at least one module in design has a timescale.
WARNING: [XSIM 43-4099] "D:/DSD2025/advanced_practice_1/prob1_GEMV/GEMV.srcs/sources_1/new/MAC.v" Line 1. Module MAC doesn't have a timescale but at least one module in design has a timescale.
WARNING: [XSIM 43-4099] "D:/DSD2025/advanced_practice_1/prob1_GEMV/GEMV.srcs/sources_1/new/gemv.v" Line 1. Module gemv_default doesn't have a timescale but at least one module in design has a timescale.
WARNING: [XSIM 43-4099] "D:/DSD2025/advanced_practice_1/prob1_GEMV/GEMV.srcs/sources_1/new/MAC.v" Line 1. Module MAC doesn't have a timescale but at least one module in design has a timescale.
WARNING: [XSIM 43-4099] "D:/DSD2025/advanced_practice_1/prob1_GEMV/GEMV.srcs/sources_1/new/MAC.v" Line 1. Module MAC doesn't have a timescale but at least one module in design has a timescale.
WARNING: [XSIM 43-4099] "D:/DSD2025/advanced_practice_1/prob1_GEMV/GEMV.srcs/sources_1/new/MAC.v" Line 1. Module MAC doesn't have a timescale but at least one module in design has a timescale.
WARNING: [XSIM 43-4099] "D:/DSD2025/advanced_practice_1/prob1_GEMV/GEMV.srcs/sources_1/new/MAC.v" Line 1. Module MAC doesn't have a timescale but at least one module in design has a timescale.
WARNING: [XSIM 43-4099] "D:/DSD2025/advanced_practice_1/prob1_GEMV/GEMV.srcs/sources_1/new/MAC.v" Line 1. Module MAC doesn't have a timescale but at least one module in design has a timescale.
WARNING: [XSIM 43-4099] "D:/DSD2025/advanced_practice_1/prob1_GEMV/GEMV.srcs/sources_1/new/MAC.v" Line 1. Module MAC doesn't have a timescale but at least one module in design has a timescale.
WARNING: [XSIM 43-4099] "D:/DSD2025/advanced_practice_1/prob1_GEMV/GEMV.srcs/sources_1/new/MAC.v" Line 1. Module MAC doesn't have a timescale but at least one module in design has a timescale.
WARNING: [XSIM 43-4099] "D:/DSD2025/advanced_practice_1/prob1_GEMV/GEMV.srcs/sources_1/new/MAC.v" Line 1. Module MAC doesn't have a timescale but at least one module in design has a timescale.
WARNING: [XSIM 43-4099] "D:/DSD2025/advanced_practice_1/prob1_GEMV/GEMV.srcs/sources_1/new/MAC.v" Line 1. Module MAC doesn't have a timescale but at least one module in design has a timescale.
WARNING: [XSIM 43-4099] "D:/DSD2025/advanced_practice_1/prob1_GEMV/GEMV.srcs/sources_1/new/MAC.v" Line 1. Module MAC doesn't have a timescale but at least one module in design has a timescale.
WARNING: [XSIM 43-4099] "D:/DSD2025/advanced_practice_1/prob1_GEMV/GEMV.srcs/sources_1/new/MAC.v" Line 1. Module MAC doesn't have a timescale but at least one module in design has a timescale.
WARNING: [XSIM 43-4099] "D:/DSD2025/advanced_practice_1/prob1_GEMV/GEMV.srcs/sources_1/new/MAC.v" Line 1. Module MAC doesn't have a timescale but at least one module in design has a timescale.
WARNING: [XSIM 43-4099] "D:/DSD2025/advanced_practice_1/prob1_GEMV/GEMV.srcs/sources_1/new/MAC.v" Line 1. Module MAC doesn't have a timescale but at least one module in design has a timescale.
WARNING: [XSIM 43-4099] "D:/DSD2025/advanced_practice_1/prob1_GEMV/GEMV.srcs/sources_1/new/MAC.v" Line 1. Module MAC doesn't have a timescale but at least one module in design has a timescale.
WARNING: [XSIM 43-4099] "D:/DSD2025/advanced_practice_1/prob1_GEMV/GEMV.srcs/sources_1/new/MAC.v" Line 1. Module MAC doesn't have a timescale but at least one module in design has a timescale.
WARNING: [XSIM 43-4099] "D:/DSD2025/advanced_practice_1/prob1_GEMV/GEMV.srcs/sources_1/new/MAC.v" Line 1. Module MAC doesn't have a timescale but at least one module in design has a timescale.
Completed simulation data flow analysis
Time Resolution for simulation is 1ps
Compiling package std.standard
Compiling package std.textio
Compiling package ieee.std_logic_1164
Compiling package ieee.numeric_std
Compiling package xbip_utils_v3_0_10.xbip_utils_v3_0_10_pkg
Compiling package dsp_macro_v1_0_3.dsp_macro_v1_0_3_viv_comp
Compiling package dsp_macro_v1_0_3.dsp_macro_v1_0_3_pkg
Compiling package unisim.vcomponents
Compiling package ieee.std_logic_arith
Compiling package ieee.std_logic_signed
Compiling package ieee.vital_timing
Compiling package ieee.vital_primitives
Compiling package unisim.vpkg
Compiling architecture synth of entity xbip_pipe_v3_0_6.xbip_pipe_v3_0_6_viv [\xbip_pipe_v3_0_6_viv(c_has_ce=1...]
Compiling architecture synth of entity xbip_pipe_v3_0_6.xbip_pipe_v3_0_6_viv [\xbip_pipe_v3_0_6_viv(c_has_ce=1...]
Compiling architecture dsp48e1_v of entity unisim.DSP48E1 [\DSP48E1(acascreg=0,adreg=0,alum...]
Compiling architecture synth of entity xbip_dsp48_wrapper_v3_0_4.xbip_dsp48e1_wrapper_v3_0 [\xbip_dsp48e1_wrapper_v3_0(mreg=...]
Compiling architecture synth of entity xbip_pipe_v3_0_6.xbip_pipe_v3_0_6_viv [\xbip_pipe_v3_0_6_viv(c_has_ce=1...]
Compiling architecture synth of entity xbip_pipe_v3_0_6.xbip_pipe_v3_0_6_viv [\xbip_pipe_v3_0_6_viv(c_has_ce=1...]
Compiling architecture synth of entity xbip_pipe_v3_0_6.xbip_pipe_v3_0_6_viv [\xbip_pipe_v3_0_6_viv(c_has_ce=1...]
Compiling architecture synth of entity xbip_pipe_v3_0_6.xbip_pipe_v3_0_6_viv [\xbip_pipe_v3_0_6_viv(c_has_ce=1...]
Compiling architecture synth of entity dsp_macro_v1_0_3.dsp_macro_synth [\dsp_macro_synth(c_xdevicefamily...]
Compiling architecture synth of entity dsp_macro_v1_0_3.dsp_macro_v1_0_3_viv [\dsp_macro_v1_0_3_viv(c_xdevicef...]
Compiling architecture xilinx of entity dsp_macro_v1_0_3.dsp_macro_v1_0_3 [\dsp_macro_v1_0_3(c_xdevicefamil...]
Compiling architecture dsp_macro_0_arch of entity xil_defaultlib.dsp_macro_0 [dsp_macro_0_default]
Compiling module xil_defaultlib.MAC
Compiling module xil_defaultlib.gemv_default
Compiling module xil_defaultlib.tb_gemv
Compiling module xil_defaultlib.glbl
Built simulation snapshot tb_gemv_behav
run_program: Time (s): cpu = 00:00:00 ; elapsed = 00:00:09 . Memory (MB): peak = 2528.586 ; gain = 0.000
INFO: [USF-XSim-69] 'elaborate' step finished in '8' seconds
INFO: [USF-XSim-4] XSim::Simulate design
INFO: [USF-XSim-61] Executing 'SIMULATE' step in 'D:/DSD2025/advanced_practice_1/prob1_GEMV/GEMV.sim/sim_1/behav/xsim'
INFO: [USF-XSim-98] *** Running xsim
   with args "tb_gemv_behav -key {Behavioral:sim_1:Functional:tb_gemv} -tclbatch {tb_gemv.tcl} -log {simulate.log}"
INFO: [USF-XSim-8] Loading simulator feature
Time resolution is 1 ps
source tb_gemv.tcl
# set curr_wave [current_wave_config]
# if { [string length $curr_wave] == 0 } {
#   if { [llength [get_objects]] > 0} {
#     add_wave /
#     set_property needs_save false [current_wave_config]
#   } else {
#      send_msg_id Add_Wave-1 WARNING "No top level signals found. Simulator will start without a wave window. If you want to open a wave window go to 'File->New Waveform Configuration' or type 'create_wave_config' in the TCL console."
#   }
# }
# run 1000ns
$stop called at time : 155 ns : File "D:/DSD2025/advanced_practice_1/prob1_GEMV/GEMV.srcs/sim_1/new/tb_gemv.v" Line 61
INFO: [USF-XSim-96] XSim completed. Design snapshot 'tb_gemv_behav' loaded.
INFO: [USF-XSim-97] XSim simulation ran for 1000ns
launch_simulation: Time (s): cpu = 00:00:07 ; elapsed = 00:00:17 . Memory (MB): peak = 2555.070 ; gain = 26.484
close_sim
INFO: [Simtcl 6-16] Simulation closed
launch_simulation
Command: launch_simulation 
INFO: [Vivado 12-12493] Simulation top is 'tb_gemv'
WARNING: [Vivado 12-13340] Unable to auto find GCC executables from simulator install path! (path not set)
INFO: [Vivado 12-5698] Checking validity of IPs in the design for the 'XSim' simulator...
INFO: [Vivado 12-5682] Launching behavioral simulation in 'D:/DSD2025/advanced_practice_1/prob1_GEMV/GEMV.sim/sim_1/behav/xsim'
INFO: [Vivado 12-4795] Using compiled simulation libraries for IPs
INFO: [SIM-utils-51] Simulation object is 'sim_1'
INFO: [SIM-utils-72] Using boost library from 'D:/Xilinx/Vivado/2023.1/tps/boost_1_72_0'
INFO: [USF-XSim-7] Finding pre-compiled libraries...
INFO: [USF-XSim-11] File 'D:/Xilinx/Vivado/2023.1/data/xsim/xsim.ini' copied to run dir:'D:/DSD2025/advanced_practice_1/prob1_GEMV/GEMV.sim/sim_1/behav/xsim'
INFO: [SIM-utils-54] Inspecting design source files for 'tb_gemv' in fileset 'sim_1'...
INFO: [USF-XSim-97] Finding global include files...
INFO: [USF-XSim-98] Fetching design files from 'sim_1'...
INFO: [USF-XSim-2] XSim::Compile design
INFO: [USF-XSim-61] Executing 'COMPILE and ANALYZE' step in 'D:/DSD2025/advanced_practice_1/prob1_GEMV/GEMV.sim/sim_1/behav/xsim'
"xvlog --incr --relax -prj tb_gemv_vlog.prj"
INFO: [VRFC 10-2263] Analyzing Verilog file "D:/DSD2025/advanced_practice_1/prob1_GEMV/GEMV.srcs/sources_1/new/MAC.v" into library xil_defaultlib
INFO: [VRFC 10-311] analyzing module MAC
INFO: [VRFC 10-2263] Analyzing Verilog file "D:/DSD2025/advanced_practice_1/prob1_GEMV/GEMV.srcs/sources_1/new/gemv.v" into library xil_defaultlib
INFO: [VRFC 10-311] analyzing module gemv
INFO: [VRFC 10-2263] Analyzing Verilog file "D:/DSD2025/advanced_practice_1/prob1_GEMV/GEMV.srcs/sim_1/new/tb_gemv.v" into library xil_defaultlib
INFO: [VRFC 10-311] analyzing module tb_gemv
"xvhdl --incr --relax -prj tb_gemv_vhdl.prj"
INFO: [USF-XSim-69] 'compile' step finished in '4' seconds
INFO: [USF-XSim-3] XSim::Elaborate design
INFO: [USF-XSim-61] Executing 'ELABORATE' step in 'D:/DSD2025/advanced_practice_1/prob1_GEMV/GEMV.sim/sim_1/behav/xsim'
"xelab --incr --debug typical --relax --mt 2 -L xil_defaultlib -L xbip_dsp48_wrapper_v3_0_4 -L xbip_utils_v3_0_10 -L xbip_pipe_v3_0_6 -L dsp_macro_v1_0_3 -L unisims_ver -L unimacro_ver -L secureip -L xpm --snapshot tb_gemv_behav xil_defaultlib.tb_gemv xil_defaultlib.glbl -log elaborate.log"
Vivado Simulator v2023.1
Copyright 1986-2022 Xilinx, Inc. All Rights Reserved.
Copyright 2022-2023 Advanced Micro Devices, Inc. All Rights Reserved.
Running: D:/Xilinx/Vivado/2023.1/bin/unwrapped/win64.o/xelab.exe --incr --debug typical --relax --mt 2 -L xil_defaultlib -L xbip_dsp48_wrapper_v3_0_4 -L xbip_utils_v3_0_10 -L xbip_pipe_v3_0_6 -L dsp_macro_v1_0_3 -L unisims_ver -L unimacro_ver -L secureip -L xpm --snapshot tb_gemv_behav xil_defaultlib.tb_gemv xil_defaultlib.glbl -log elaborate.log 
Using 2 slave threads.
Starting static elaboration
Pass Through NonSizing Optimizer
Completed static elaboration
Starting simulation data flow analysis
WARNING: [XSIM 43-4099] "D:/DSD2025/advanced_practice_1/prob1_GEMV/GEMV.srcs/sources_1/new/gemv.v" Line 1. Module gemv_default doesn't have a timescale but at least one module in design has a timescale.
WARNING: [XSIM 43-4099] "D:/DSD2025/advanced_practice_1/prob1_GEMV/GEMV.srcs/sources_1/new/MAC.v" Line 1. Module MAC doesn't have a timescale but at least one module in design has a timescale.
WARNING: [XSIM 43-4099] "D:/DSD2025/advanced_practice_1/prob1_GEMV/GEMV.srcs/sources_1/new/MAC.v" Line 1. Module MAC doesn't have a timescale but at least one module in design has a timescale.
WARNING: [XSIM 43-4099] "D:/DSD2025/advanced_practice_1/prob1_GEMV/GEMV.srcs/sources_1/new/MAC.v" Line 1. Module MAC doesn't have a timescale but at least one module in design has a timescale.
WARNING: [XSIM 43-4099] "D:/DSD2025/advanced_practice_1/prob1_GEMV/GEMV.srcs/sources_1/new/MAC.v" Line 1. Module MAC doesn't have a timescale but at least one module in design has a timescale.
WARNING: [XSIM 43-4099] "D:/DSD2025/advanced_practice_1/prob1_GEMV/GEMV.srcs/sources_1/new/MAC.v" Line 1. Module MAC doesn't have a timescale but at least one module in design has a timescale.
WARNING: [XSIM 43-4099] "D:/DSD2025/advanced_practice_1/prob1_GEMV/GEMV.srcs/sources_1/new/MAC.v" Line 1. Module MAC doesn't have a timescale but at least one module in design has a timescale.
WARNING: [XSIM 43-4099] "D:/DSD2025/advanced_practice_1/prob1_GEMV/GEMV.srcs/sources_1/new/MAC.v" Line 1. Module MAC doesn't have a timescale but at least one module in design has a timescale.
WARNING: [XSIM 43-4099] "D:/DSD2025/advanced_practice_1/prob1_GEMV/GEMV.srcs/sources_1/new/MAC.v" Line 1. Module MAC doesn't have a timescale but at least one module in design has a timescale.
WARNING: [XSIM 43-4099] "D:/DSD2025/advanced_practice_1/prob1_GEMV/GEMV.srcs/sources_1/new/MAC.v" Line 1. Module MAC doesn't have a timescale but at least one module in design has a timescale.
WARNING: [XSIM 43-4099] "D:/DSD2025/advanced_practice_1/prob1_GEMV/GEMV.srcs/sources_1/new/MAC.v" Line 1. Module MAC doesn't have a timescale but at least one module in design has a timescale.
WARNING: [XSIM 43-4099] "D:/DSD2025/advanced_practice_1/prob1_GEMV/GEMV.srcs/sources_1/new/MAC.v" Line 1. Module MAC doesn't have a timescale but at least one module in design has a timescale.
WARNING: [XSIM 43-4099] "D:/DSD2025/advanced_practice_1/prob1_GEMV/GEMV.srcs/sources_1/new/MAC.v" Line 1. Module MAC doesn't have a timescale but at least one module in design has a timescale.
WARNING: [XSIM 43-4099] "D:/DSD2025/advanced_practice_1/prob1_GEMV/GEMV.srcs/sources_1/new/MAC.v" Line 1. Module MAC doesn't have a timescale but at least one module in design has a timescale.
WARNING: [XSIM 43-4099] "D:/DSD2025/advanced_practice_1/prob1_GEMV/GEMV.srcs/sources_1/new/MAC.v" Line 1. Module MAC doesn't have a timescale but at least one module in design has a timescale.
WARNING: [XSIM 43-4099] "D:/DSD2025/advanced_practice_1/prob1_GEMV/GEMV.srcs/sources_1/new/MAC.v" Line 1. Module MAC doesn't have a timescale but at least one module in design has a timescale.
WARNING: [XSIM 43-4099] "D:/DSD2025/advanced_practice_1/prob1_GEMV/GEMV.srcs/sources_1/new/MAC.v" Line 1. Module MAC doesn't have a timescale but at least one module in design has a timescale.
WARNING: [XSIM 43-4099] "D:/DSD2025/advanced_practice_1/prob1_GEMV/GEMV.srcs/sources_1/new/gemv.v" Line 1. Module gemv_default doesn't have a timescale but at least one module in design has a timescale.
WARNING: [XSIM 43-4099] "D:/DSD2025/advanced_practice_1/prob1_GEMV/GEMV.srcs/sources_1/new/MAC.v" Line 1. Module MAC doesn't have a timescale but at least one module in design has a timescale.
WARNING: [XSIM 43-4099] "D:/DSD2025/advanced_practice_1/prob1_GEMV/GEMV.srcs/sources_1/new/MAC.v" Line 1. Module MAC doesn't have a timescale but at least one module in design has a timescale.
WARNING: [XSIM 43-4099] "D:/DSD2025/advanced_practice_1/prob1_GEMV/GEMV.srcs/sources_1/new/MAC.v" Line 1. Module MAC doesn't have a timescale but at least one module in design has a timescale.
WARNING: [XSIM 43-4099] "D:/DSD2025/advanced_practice_1/prob1_GEMV/GEMV.srcs/sources_1/new/MAC.v" Line 1. Module MAC doesn't have a timescale but at least one module in design has a timescale.
WARNING: [XSIM 43-4099] "D:/DSD2025/advanced_practice_1/prob1_GEMV/GEMV.srcs/sources_1/new/MAC.v" Line 1. Module MAC doesn't have a timescale but at least one module in design has a timescale.
WARNING: [XSIM 43-4099] "D:/DSD2025/advanced_practice_1/prob1_GEMV/GEMV.srcs/sources_1/new/MAC.v" Line 1. Module MAC doesn't have a timescale but at least one module in design has a timescale.
WARNING: [XSIM 43-4099] "D:/DSD2025/advanced_practice_1/prob1_GEMV/GEMV.srcs/sources_1/new/MAC.v" Line 1. Module MAC doesn't have a timescale but at least one module in design has a timescale.
WARNING: [XSIM 43-4099] "D:/DSD2025/advanced_practice_1/prob1_GEMV/GEMV.srcs/sources_1/new/MAC.v" Line 1. Module MAC doesn't have a timescale but at least one module in design has a timescale.
WARNING: [XSIM 43-4099] "D:/DSD2025/advanced_practice_1/prob1_GEMV/GEMV.srcs/sources_1/new/MAC.v" Line 1. Module MAC doesn't have a timescale but at least one module in design has a timescale.
WARNING: [XSIM 43-4099] "D:/DSD2025/advanced_practice_1/prob1_GEMV/GEMV.srcs/sources_1/new/MAC.v" Line 1. Module MAC doesn't have a timescale but at least one module in design has a timescale.
WARNING: [XSIM 43-4099] "D:/DSD2025/advanced_practice_1/prob1_GEMV/GEMV.srcs/sources_1/new/MAC.v" Line 1. Module MAC doesn't have a timescale but at least one module in design has a timescale.
WARNING: [XSIM 43-4099] "D:/DSD2025/advanced_practice_1/prob1_GEMV/GEMV.srcs/sources_1/new/MAC.v" Line 1. Module MAC doesn't have a timescale but at least one module in design has a timescale.
WARNING: [XSIM 43-4099] "D:/DSD2025/advanced_practice_1/prob1_GEMV/GEMV.srcs/sources_1/new/MAC.v" Line 1. Module MAC doesn't have a timescale but at least one module in design has a timescale.
WARNING: [XSIM 43-4099] "D:/DSD2025/advanced_practice_1/prob1_GEMV/GEMV.srcs/sources_1/new/MAC.v" Line 1. Module MAC doesn't have a timescale but at least one module in design has a timescale.
WARNING: [XSIM 43-4099] "D:/DSD2025/advanced_practice_1/prob1_GEMV/GEMV.srcs/sources_1/new/MAC.v" Line 1. Module MAC doesn't have a timescale but at least one module in design has a timescale.
WARNING: [XSIM 43-4099] "D:/DSD2025/advanced_practice_1/prob1_GEMV/GEMV.srcs/sources_1/new/MAC.v" Line 1. Module MAC doesn't have a timescale but at least one module in design has a timescale.
Completed simulation data flow analysis
Time Resolution for simulation is 1ps
Compiling package std.standard
Compiling package std.textio
Compiling package ieee.std_logic_1164
Compiling package ieee.numeric_std
Compiling package xbip_utils_v3_0_10.xbip_utils_v3_0_10_pkg
Compiling package dsp_macro_v1_0_3.dsp_macro_v1_0_3_viv_comp
Compiling package dsp_macro_v1_0_3.dsp_macro_v1_0_3_pkg
Compiling package unisim.vcomponents
Compiling package ieee.std_logic_arith
Compiling package ieee.std_logic_signed
Compiling package ieee.vital_timing
Compiling package ieee.vital_primitives
Compiling package unisim.vpkg
Compiling architecture synth of entity xbip_pipe_v3_0_6.xbip_pipe_v3_0_6_viv [\xbip_pipe_v3_0_6_viv(c_has_ce=1...]
Compiling architecture synth of entity xbip_pipe_v3_0_6.xbip_pipe_v3_0_6_viv [\xbip_pipe_v3_0_6_viv(c_has_ce=1...]
Compiling architecture dsp48e1_v of entity unisim.DSP48E1 [\DSP48E1(acascreg=0,adreg=0,alum...]
Compiling architecture synth of entity xbip_dsp48_wrapper_v3_0_4.xbip_dsp48e1_wrapper_v3_0 [\xbip_dsp48e1_wrapper_v3_0(mreg=...]
Compiling architecture synth of entity xbip_pipe_v3_0_6.xbip_pipe_v3_0_6_viv [\xbip_pipe_v3_0_6_viv(c_has_ce=1...]
Compiling architecture synth of entity xbip_pipe_v3_0_6.xbip_pipe_v3_0_6_viv [\xbip_pipe_v3_0_6_viv(c_has_ce=1...]
Compiling architecture synth of entity xbip_pipe_v3_0_6.xbip_pipe_v3_0_6_viv [\xbip_pipe_v3_0_6_viv(c_has_ce=1...]
Compiling architecture synth of entity xbip_pipe_v3_0_6.xbip_pipe_v3_0_6_viv [\xbip_pipe_v3_0_6_viv(c_has_ce=1...]
Compiling architecture synth of entity dsp_macro_v1_0_3.dsp_macro_synth [\dsp_macro_synth(c_xdevicefamily...]
Compiling architecture synth of entity dsp_macro_v1_0_3.dsp_macro_v1_0_3_viv [\dsp_macro_v1_0_3_viv(c_xdevicef...]
Compiling architecture xilinx of entity dsp_macro_v1_0_3.dsp_macro_v1_0_3 [\dsp_macro_v1_0_3(c_xdevicefamil...]
Compiling architecture dsp_macro_0_arch of entity xil_defaultlib.dsp_macro_0 [dsp_macro_0_default]
Compiling module xil_defaultlib.MAC
Compiling module xil_defaultlib.gemv_default
Compiling module xil_defaultlib.tb_gemv
Compiling module xil_defaultlib.glbl
Built simulation snapshot tb_gemv_behav
run_program: Time (s): cpu = 00:00:00 ; elapsed = 00:00:09 . Memory (MB): peak = 2583.168 ; gain = 0.000
INFO: [USF-XSim-69] 'elaborate' step finished in '9' seconds
INFO: [USF-XSim-4] XSim::Simulate design
INFO: [USF-XSim-61] Executing 'SIMULATE' step in 'D:/DSD2025/advanced_practice_1/prob1_GEMV/GEMV.sim/sim_1/behav/xsim'
INFO: [USF-XSim-98] *** Running xsim
   with args "tb_gemv_behav -key {Behavioral:sim_1:Functional:tb_gemv} -tclbatch {tb_gemv.tcl} -log {simulate.log}"
INFO: [USF-XSim-8] Loading simulator feature
Time resolution is 1 ps
source tb_gemv.tcl
# set curr_wave [current_wave_config]
# if { [string length $curr_wave] == 0 } {
#   if { [llength [get_objects]] > 0} {
#     add_wave /
#     set_property needs_save false [current_wave_config]
#   } else {
#      send_msg_id Add_Wave-1 WARNING "No top level signals found. Simulator will start without a wave window. If you want to open a wave window go to 'File->New Waveform Configuration' or type 'create_wave_config' in the TCL console."
#   }
# }
# run 1000ns
$stop called at time : 155 ns : File "D:/DSD2025/advanced_practice_1/prob1_GEMV/GEMV.srcs/sim_1/new/tb_gemv.v" Line 61
INFO: [USF-XSim-96] XSim completed. Design snapshot 'tb_gemv_behav' loaded.
INFO: [USF-XSim-97] XSim simulation ran for 1000ns
launch_simulation: Time (s): cpu = 00:00:03 ; elapsed = 00:00:15 . Memory (MB): peak = 2585.320 ; gain = 2.152
close_sim
INFO: [Simtcl 6-16] Simulation closed
launch_simulation
Command: launch_simulation 
INFO: [Vivado 12-12493] Simulation top is 'tb_gemv'
WARNING: [Vivado 12-13340] Unable to auto find GCC executables from simulator install path! (path not set)
INFO: [Vivado 12-5698] Checking validity of IPs in the design for the 'XSim' simulator...
INFO: [Vivado 12-5682] Launching behavioral simulation in 'D:/DSD2025/advanced_practice_1/prob1_GEMV/GEMV.sim/sim_1/behav/xsim'
INFO: [Vivado 12-4795] Using compiled simulation libraries for IPs
INFO: [SIM-utils-51] Simulation object is 'sim_1'
INFO: [SIM-utils-72] Using boost library from 'D:/Xilinx/Vivado/2023.1/tps/boost_1_72_0'
INFO: [USF-XSim-7] Finding pre-compiled libraries...
INFO: [USF-XSim-11] File 'D:/Xilinx/Vivado/2023.1/data/xsim/xsim.ini' copied to run dir:'D:/DSD2025/advanced_practice_1/prob1_GEMV/GEMV.sim/sim_1/behav/xsim'
INFO: [SIM-utils-54] Inspecting design source files for 'tb_gemv' in fileset 'sim_1'...
INFO: [USF-XSim-97] Finding global include files...
INFO: [USF-XSim-98] Fetching design files from 'sim_1'...
INFO: [USF-XSim-2] XSim::Compile design
INFO: [USF-XSim-61] Executing 'COMPILE and ANALYZE' step in 'D:/DSD2025/advanced_practice_1/prob1_GEMV/GEMV.sim/sim_1/behav/xsim'
"xvlog --incr --relax -prj tb_gemv_vlog.prj"
"xvhdl --incr --relax -prj tb_gemv_vhdl.prj"
INFO: [USF-XSim-69] 'compile' step finished in '3' seconds
INFO: [USF-XSim-3] XSim::Elaborate design
INFO: [USF-XSim-61] Executing 'ELABORATE' step in 'D:/DSD2025/advanced_practice_1/prob1_GEMV/GEMV.sim/sim_1/behav/xsim'
"xelab --incr --debug typical --relax --mt 2 -L xil_defaultlib -L xbip_dsp48_wrapper_v3_0_4 -L xbip_utils_v3_0_10 -L xbip_pipe_v3_0_6 -L dsp_macro_v1_0_3 -L unisims_ver -L unimacro_ver -L secureip -L xpm --snapshot tb_gemv_behav xil_defaultlib.tb_gemv xil_defaultlib.glbl -log elaborate.log"
Vivado Simulator v2023.1
Copyright 1986-2022 Xilinx, Inc. All Rights Reserved.
Copyright 2022-2023 Advanced Micro Devices, Inc. All Rights Reserved.
Running: D:/Xilinx/Vivado/2023.1/bin/unwrapped/win64.o/xelab.exe --incr --debug typical --relax --mt 2 -L xil_defaultlib -L xbip_dsp48_wrapper_v3_0_4 -L xbip_utils_v3_0_10 -L xbip_pipe_v3_0_6 -L dsp_macro_v1_0_3 -L unisims_ver -L unimacro_ver -L secureip -L xpm --snapshot tb_gemv_behav xil_defaultlib.tb_gemv xil_defaultlib.glbl -log elaborate.log 
Using 2 slave threads.
Starting static elaboration
Pass Through NonSizing Optimizer
Completed static elaboration
INFO: [XSIM 43-4323] No Change in HDL. Linking previously generated obj files to create kernel
INFO: [USF-XSim-69] 'elaborate' step finished in '3' seconds
INFO: [USF-XSim-4] XSim::Simulate design
INFO: [USF-XSim-61] Executing 'SIMULATE' step in 'D:/DSD2025/advanced_practice_1/prob1_GEMV/GEMV.sim/sim_1/behav/xsim'
INFO: [USF-XSim-98] *** Running xsim
   with args "tb_gemv_behav -key {Behavioral:sim_1:Functional:tb_gemv} -tclbatch {tb_gemv.tcl} -log {simulate.log}"
INFO: [USF-XSim-8] Loading simulator feature
Time resolution is 1 ps
source tb_gemv.tcl
# set curr_wave [current_wave_config]
# if { [string length $curr_wave] == 0 } {
#   if { [llength [get_objects]] > 0} {
#     add_wave /
#     set_property needs_save false [current_wave_config]
#   } else {
#      send_msg_id Add_Wave-1 WARNING "No top level signals found. Simulator will start without a wave window. If you want to open a wave window go to 'File->New Waveform Configuration' or type 'create_wave_config' in the TCL console."
#   }
# }
# run 1000ns
$stop called at time : 155 ns : File "D:/DSD2025/advanced_practice_1/prob1_GEMV/GEMV.srcs/sim_1/new/tb_gemv.v" Line 61
INFO: [USF-XSim-96] XSim completed. Design snapshot 'tb_gemv_behav' loaded.
INFO: [USF-XSim-97] XSim simulation ran for 1000ns
launch_simulation: Time (s): cpu = 00:00:02 ; elapsed = 00:00:09 . Memory (MB): peak = 2590.215 ; gain = 4.359
relaunch_sim
Command: launch_simulation -step compile -simset sim_1 -mode behavioral
INFO: [Vivado 12-12493] Simulation top is 'tb_gemv'
WARNING: [Vivado 12-13340] Unable to auto find GCC executables from simulator install path! (path not set)
INFO: [Vivado 12-5698] Checking validity of IPs in the design for the 'XSim' simulator...
INFO: [Vivado 12-5682] Launching behavioral simulation in 'D:/DSD2025/advanced_practice_1/prob1_GEMV/GEMV.sim/sim_1/behav/xsim'
INFO: [Vivado 12-4795] Using compiled simulation libraries for IPs
INFO: [SIM-utils-51] Simulation object is 'sim_1'
INFO: [SIM-utils-72] Using boost library from 'D:/Xilinx/Vivado/2023.1/tps/boost_1_72_0'
INFO: [USF-XSim-7] Finding pre-compiled libraries...
INFO: [USF-XSim-11] File 'D:/Xilinx/Vivado/2023.1/data/xsim/xsim.ini' copied to run dir:'D:/DSD2025/advanced_practice_1/prob1_GEMV/GEMV.sim/sim_1/behav/xsim'
INFO: [SIM-utils-54] Inspecting design source files for 'tb_gemv' in fileset 'sim_1'...
INFO: [USF-XSim-97] Finding global include files...
INFO: [USF-XSim-98] Fetching design files from 'sim_1'...
INFO: [USF-XSim-2] XSim::Compile design
INFO: [USF-XSim-61] Executing 'COMPILE and ANALYZE' step in 'D:/DSD2025/advanced_practice_1/prob1_GEMV/GEMV.sim/sim_1/behav/xsim'
"xvlog --incr --relax -prj tb_gemv_vlog.prj"
INFO: [VRFC 10-2263] Analyzing Verilog file "D:/DSD2025/advanced_practice_1/prob1_GEMV/GEMV.srcs/sources_1/new/MAC.v" into library xil_defaultlib
INFO: [VRFC 10-311] analyzing module MAC
INFO: [VRFC 10-2263] Analyzing Verilog file "D:/DSD2025/advanced_practice_1/prob1_GEMV/GEMV.srcs/sources_1/new/gemv.v" into library xil_defaultlib
INFO: [VRFC 10-311] analyzing module gemv
INFO: [VRFC 10-2263] Analyzing Verilog file "D:/DSD2025/advanced_practice_1/prob1_GEMV/GEMV.srcs/sim_1/new/tb_gemv.v" into library xil_defaultlib
INFO: [VRFC 10-311] analyzing module tb_gemv
"xvhdl --incr --relax -prj tb_gemv_vhdl.prj"
INFO: [USF-XSim-69] 'compile' step finished in '4' seconds
Command: launch_simulation -step elaborate -simset sim_1 -mode behavioral
INFO: [Vivado 12-12493] Simulation top is 'tb_gemv'
WARNING: [Vivado 12-13340] Unable to auto find GCC executables from simulator install path! (path not set)
INFO: [Vivado 12-5698] Checking validity of IPs in the design for the 'XSim' simulator...
INFO: [Vivado 12-5682] Launching behavioral simulation in 'D:/DSD2025/advanced_practice_1/prob1_GEMV/GEMV.sim/sim_1/behav/xsim'
INFO: [Vivado 12-4795] Using compiled simulation libraries for IPs
INFO: [SIM-utils-51] Simulation object is 'sim_1'
INFO: [USF-XSim-3] XSim::Elaborate design
INFO: [USF-XSim-61] Executing 'ELABORATE' step in 'D:/DSD2025/advanced_practice_1/prob1_GEMV/GEMV.sim/sim_1/behav/xsim'
"xelab --incr --debug typical --relax --mt 2 -L xil_defaultlib -L xbip_dsp48_wrapper_v3_0_4 -L xbip_utils_v3_0_10 -L xbip_pipe_v3_0_6 -L dsp_macro_v1_0_3 -L unisims_ver -L unimacro_ver -L secureip -L xpm --snapshot tb_gemv_behav xil_defaultlib.tb_gemv xil_defaultlib.glbl -log elaborate.log"
Vivado Simulator v2023.1
Copyright 1986-2022 Xilinx, Inc. All Rights Reserved.
Copyright 2022-2023 Advanced Micro Devices, Inc. All Rights Reserved.
Running: D:/Xilinx/Vivado/2023.1/bin/unwrapped/win64.o/xelab.exe --incr --debug typical --relax --mt 2 -L xil_defaultlib -L xbip_dsp48_wrapper_v3_0_4 -L xbip_utils_v3_0_10 -L xbip_pipe_v3_0_6 -L dsp_macro_v1_0_3 -L unisims_ver -L unimacro_ver -L secureip -L xpm --snapshot tb_gemv_behav xil_defaultlib.tb_gemv xil_defaultlib.glbl -log elaborate.log 
Using 2 slave threads.
Starting static elaboration
Pass Through NonSizing Optimizer
Completed static elaboration
Starting simulation data flow analysis
WARNING: [XSIM 43-4099] "D:/DSD2025/advanced_practice_1/prob1_GEMV/GEMV.srcs/sources_1/new/gemv.v" Line 1. Module gemv_default doesn't have a timescale but at least one module in design has a timescale.
WARNING: [XSIM 43-4099] "D:/DSD2025/advanced_practice_1/prob1_GEMV/GEMV.srcs/sources_1/new/MAC.v" Line 1. Module MAC doesn't have a timescale but at least one module in design has a timescale.
WARNING: [XSIM 43-4099] "D:/DSD2025/advanced_practice_1/prob1_GEMV/GEMV.srcs/sources_1/new/MAC.v" Line 1. Module MAC doesn't have a timescale but at least one module in design has a timescale.
WARNING: [XSIM 43-4099] "D:/DSD2025/advanced_practice_1/prob1_GEMV/GEMV.srcs/sources_1/new/MAC.v" Line 1. Module MAC doesn't have a timescale but at least one module in design has a timescale.
WARNING: [XSIM 43-4099] "D:/DSD2025/advanced_practice_1/prob1_GEMV/GEMV.srcs/sources_1/new/MAC.v" Line 1. Module MAC doesn't have a timescale but at least one module in design has a timescale.
WARNING: [XSIM 43-4099] "D:/DSD2025/advanced_practice_1/prob1_GEMV/GEMV.srcs/sources_1/new/MAC.v" Line 1. Module MAC doesn't have a timescale but at least one module in design has a timescale.
WARNING: [XSIM 43-4099] "D:/DSD2025/advanced_practice_1/prob1_GEMV/GEMV.srcs/sources_1/new/MAC.v" Line 1. Module MAC doesn't have a timescale but at least one module in design has a timescale.
WARNING: [XSIM 43-4099] "D:/DSD2025/advanced_practice_1/prob1_GEMV/GEMV.srcs/sources_1/new/MAC.v" Line 1. Module MAC doesn't have a timescale but at least one module in design has a timescale.
WARNING: [XSIM 43-4099] "D:/DSD2025/advanced_practice_1/prob1_GEMV/GEMV.srcs/sources_1/new/MAC.v" Line 1. Module MAC doesn't have a timescale but at least one module in design has a timescale.
WARNING: [XSIM 43-4099] "D:/DSD2025/advanced_practice_1/prob1_GEMV/GEMV.srcs/sources_1/new/MAC.v" Line 1. Module MAC doesn't have a timescale but at least one module in design has a timescale.
WARNING: [XSIM 43-4099] "D:/DSD2025/advanced_practice_1/prob1_GEMV/GEMV.srcs/sources_1/new/MAC.v" Line 1. Module MAC doesn't have a timescale but at least one module in design has a timescale.
WARNING: [XSIM 43-4099] "D:/DSD2025/advanced_practice_1/prob1_GEMV/GEMV.srcs/sources_1/new/MAC.v" Line 1. Module MAC doesn't have a timescale but at least one module in design has a timescale.
WARNING: [XSIM 43-4099] "D:/DSD2025/advanced_practice_1/prob1_GEMV/GEMV.srcs/sources_1/new/MAC.v" Line 1. Module MAC doesn't have a timescale but at least one module in design has a timescale.
WARNING: [XSIM 43-4099] "D:/DSD2025/advanced_practice_1/prob1_GEMV/GEMV.srcs/sources_1/new/MAC.v" Line 1. Module MAC doesn't have a timescale but at least one module in design has a timescale.
WARNING: [XSIM 43-4099] "D:/DSD2025/advanced_practice_1/prob1_GEMV/GEMV.srcs/sources_1/new/MAC.v" Line 1. Module MAC doesn't have a timescale but at least one module in design has a timescale.
WARNING: [XSIM 43-4099] "D:/DSD2025/advanced_practice_1/prob1_GEMV/GEMV.srcs/sources_1/new/MAC.v" Line 1. Module MAC doesn't have a timescale but at least one module in design has a timescale.
WARNING: [XSIM 43-4099] "D:/DSD2025/advanced_practice_1/prob1_GEMV/GEMV.srcs/sources_1/new/MAC.v" Line 1. Module MAC doesn't have a timescale but at least one module in design has a timescale.
WARNING: [XSIM 43-4099] "D:/DSD2025/advanced_practice_1/prob1_GEMV/GEMV.srcs/sources_1/new/gemv.v" Line 1. Module gemv_default doesn't have a timescale but at least one module in design has a timescale.
WARNING: [XSIM 43-4099] "D:/DSD2025/advanced_practice_1/prob1_GEMV/GEMV.srcs/sources_1/new/MAC.v" Line 1. Module MAC doesn't have a timescale but at least one module in design has a timescale.
WARNING: [XSIM 43-4099] "D:/DSD2025/advanced_practice_1/prob1_GEMV/GEMV.srcs/sources_1/new/MAC.v" Line 1. Module MAC doesn't have a timescale but at least one module in design has a timescale.
WARNING: [XSIM 43-4099] "D:/DSD2025/advanced_practice_1/prob1_GEMV/GEMV.srcs/sources_1/new/MAC.v" Line 1. Module MAC doesn't have a timescale but at least one module in design has a timescale.
WARNING: [XSIM 43-4099] "D:/DSD2025/advanced_practice_1/prob1_GEMV/GEMV.srcs/sources_1/new/MAC.v" Line 1. Module MAC doesn't have a timescale but at least one module in design has a timescale.
WARNING: [XSIM 43-4099] "D:/DSD2025/advanced_practice_1/prob1_GEMV/GEMV.srcs/sources_1/new/MAC.v" Line 1. Module MAC doesn't have a timescale but at least one module in design has a timescale.
WARNING: [XSIM 43-4099] "D:/DSD2025/advanced_practice_1/prob1_GEMV/GEMV.srcs/sources_1/new/MAC.v" Line 1. Module MAC doesn't have a timescale but at least one module in design has a timescale.
WARNING: [XSIM 43-4099] "D:/DSD2025/advanced_practice_1/prob1_GEMV/GEMV.srcs/sources_1/new/MAC.v" Line 1. Module MAC doesn't have a timescale but at least one module in design has a timescale.
WARNING: [XSIM 43-4099] "D:/DSD2025/advanced_practice_1/prob1_GEMV/GEMV.srcs/sources_1/new/MAC.v" Line 1. Module MAC doesn't have a timescale but at least one module in design has a timescale.
WARNING: [XSIM 43-4099] "D:/DSD2025/advanced_practice_1/prob1_GEMV/GEMV.srcs/sources_1/new/MAC.v" Line 1. Module MAC doesn't have a timescale but at least one module in design has a timescale.
WARNING: [XSIM 43-4099] "D:/DSD2025/advanced_practice_1/prob1_GEMV/GEMV.srcs/sources_1/new/MAC.v" Line 1. Module MAC doesn't have a timescale but at least one module in design has a timescale.
WARNING: [XSIM 43-4099] "D:/DSD2025/advanced_practice_1/prob1_GEMV/GEMV.srcs/sources_1/new/MAC.v" Line 1. Module MAC doesn't have a timescale but at least one module in design has a timescale.
WARNING: [XSIM 43-4099] "D:/DSD2025/advanced_practice_1/prob1_GEMV/GEMV.srcs/sources_1/new/MAC.v" Line 1. Module MAC doesn't have a timescale but at least one module in design has a timescale.
WARNING: [XSIM 43-4099] "D:/DSD2025/advanced_practice_1/prob1_GEMV/GEMV.srcs/sources_1/new/MAC.v" Line 1. Module MAC doesn't have a timescale but at least one module in design has a timescale.
WARNING: [XSIM 43-4099] "D:/DSD2025/advanced_practice_1/prob1_GEMV/GEMV.srcs/sources_1/new/MAC.v" Line 1. Module MAC doesn't have a timescale but at least one module in design has a timescale.
WARNING: [XSIM 43-4099] "D:/DSD2025/advanced_practice_1/prob1_GEMV/GEMV.srcs/sources_1/new/MAC.v" Line 1. Module MAC doesn't have a timescale but at least one module in design has a timescale.
WARNING: [XSIM 43-4099] "D:/DSD2025/advanced_practice_1/prob1_GEMV/GEMV.srcs/sources_1/new/MAC.v" Line 1. Module MAC doesn't have a timescale but at least one module in design has a timescale.
Completed simulation data flow analysis
Time Resolution for simulation is 1ps
Compiling package std.standard
Compiling package std.textio
Compiling package ieee.std_logic_1164
Compiling package ieee.numeric_std
Compiling package xbip_utils_v3_0_10.xbip_utils_v3_0_10_pkg
Compiling package dsp_macro_v1_0_3.dsp_macro_v1_0_3_viv_comp
Compiling package dsp_macro_v1_0_3.dsp_macro_v1_0_3_pkg
Compiling package unisim.vcomponents
Compiling package ieee.std_logic_arith
Compiling package ieee.std_logic_signed
Compiling package ieee.vital_timing
Compiling package ieee.vital_primitives
Compiling package unisim.vpkg
Compiling architecture synth of entity xbip_pipe_v3_0_6.xbip_pipe_v3_0_6_viv [\xbip_pipe_v3_0_6_viv(c_has_ce=1...]
Compiling architecture synth of entity xbip_pipe_v3_0_6.xbip_pipe_v3_0_6_viv [\xbip_pipe_v3_0_6_viv(c_has_ce=1...]
Compiling architecture dsp48e1_v of entity unisim.DSP48E1 [\DSP48E1(acascreg=0,adreg=0,alum...]
Compiling architecture synth of entity xbip_dsp48_wrapper_v3_0_4.xbip_dsp48e1_wrapper_v3_0 [\xbip_dsp48e1_wrapper_v3_0(mreg=...]
Compiling architecture synth of entity xbip_pipe_v3_0_6.xbip_pipe_v3_0_6_viv [\xbip_pipe_v3_0_6_viv(c_has_ce=1...]
Compiling architecture synth of entity xbip_pipe_v3_0_6.xbip_pipe_v3_0_6_viv [\xbip_pipe_v3_0_6_viv(c_has_ce=1...]
Compiling architecture synth of entity xbip_pipe_v3_0_6.xbip_pipe_v3_0_6_viv [\xbip_pipe_v3_0_6_viv(c_has_ce=1...]
Compiling architecture synth of entity xbip_pipe_v3_0_6.xbip_pipe_v3_0_6_viv [\xbip_pipe_v3_0_6_viv(c_has_ce=1...]
Compiling architecture synth of entity dsp_macro_v1_0_3.dsp_macro_synth [\dsp_macro_synth(c_xdevicefamily...]
Compiling architecture synth of entity dsp_macro_v1_0_3.dsp_macro_v1_0_3_viv [\dsp_macro_v1_0_3_viv(c_xdevicef...]
Compiling architecture xilinx of entity dsp_macro_v1_0_3.dsp_macro_v1_0_3 [\dsp_macro_v1_0_3(c_xdevicefamil...]
Compiling architecture dsp_macro_0_arch of entity xil_defaultlib.dsp_macro_0 [dsp_macro_0_default]
Compiling module xil_defaultlib.MAC
Compiling module xil_defaultlib.gemv_default
Compiling module xil_defaultlib.tb_gemv
Compiling module xil_defaultlib.glbl
Built simulation snapshot tb_gemv_behav
run_program: Time (s): cpu = 00:00:00 ; elapsed = 00:00:09 . Memory (MB): peak = 2592.898 ; gain = 0.000
INFO: [USF-XSim-69] 'elaborate' step finished in '9' seconds
launch_simulation: Time (s): cpu = 00:00:00 ; elapsed = 00:00:09 . Memory (MB): peak = 2592.898 ; gain = 0.000
Time resolution is 1 ps
$stop called at time : 155 ns : File "D:/DSD2025/advanced_practice_1/prob1_GEMV/GEMV.srcs/sim_1/new/tb_gemv.v" Line 61
relaunch_sim: Time (s): cpu = 00:00:02 ; elapsed = 00:00:15 . Memory (MB): peak = 2592.898 ; gain = 0.000
relaunch_sim
Command: launch_simulation -step compile -simset sim_1 -mode behavioral
INFO: [Vivado 12-12493] Simulation top is 'tb_gemv'
WARNING: [Vivado 12-13340] Unable to auto find GCC executables from simulator install path! (path not set)
INFO: [Vivado 12-5698] Checking validity of IPs in the design for the 'XSim' simulator...
INFO: [Vivado 12-5682] Launching behavioral simulation in 'D:/DSD2025/advanced_practice_1/prob1_GEMV/GEMV.sim/sim_1/behav/xsim'
INFO: [Vivado 12-4795] Using compiled simulation libraries for IPs
INFO: [SIM-utils-51] Simulation object is 'sim_1'
INFO: [USF-XSim-2] XSim::Compile design
INFO: [USF-XSim-61] Executing 'COMPILE and ANALYZE' step in 'D:/DSD2025/advanced_practice_1/prob1_GEMV/GEMV.sim/sim_1/behav/xsim'
"xvlog --incr --relax -prj tb_gemv_vlog.prj"
INFO: [VRFC 10-2263] Analyzing Verilog file "D:/DSD2025/advanced_practice_1/prob1_GEMV/GEMV.srcs/sources_1/new/MAC.v" into library xil_defaultlib
INFO: [VRFC 10-311] analyzing module MAC
INFO: [VRFC 10-2263] Analyzing Verilog file "D:/DSD2025/advanced_practice_1/prob1_GEMV/GEMV.srcs/sources_1/new/gemv.v" into library xil_defaultlib
INFO: [VRFC 10-311] analyzing module gemv
INFO: [VRFC 10-2263] Analyzing Verilog file "D:/DSD2025/advanced_practice_1/prob1_GEMV/GEMV.srcs/sim_1/new/tb_gemv.v" into library xil_defaultlib
INFO: [VRFC 10-311] analyzing module tb_gemv
"xvhdl --incr --relax -prj tb_gemv_vhdl.prj"
INFO: [USF-XSim-69] 'compile' step finished in '4' seconds
Command: launch_simulation -step elaborate -simset sim_1 -mode behavioral
INFO: [Vivado 12-12493] Simulation top is 'tb_gemv'
WARNING: [Vivado 12-13340] Unable to auto find GCC executables from simulator install path! (path not set)
INFO: [Vivado 12-5698] Checking validity of IPs in the design for the 'XSim' simulator...
INFO: [Vivado 12-5682] Launching behavioral simulation in 'D:/DSD2025/advanced_practice_1/prob1_GEMV/GEMV.sim/sim_1/behav/xsim'
INFO: [Vivado 12-4795] Using compiled simulation libraries for IPs
INFO: [SIM-utils-51] Simulation object is 'sim_1'
INFO: [USF-XSim-3] XSim::Elaborate design
INFO: [USF-XSim-61] Executing 'ELABORATE' step in 'D:/DSD2025/advanced_practice_1/prob1_GEMV/GEMV.sim/sim_1/behav/xsim'
"xelab --incr --debug typical --relax --mt 2 -L xil_defaultlib -L xbip_dsp48_wrapper_v3_0_4 -L xbip_utils_v3_0_10 -L xbip_pipe_v3_0_6 -L dsp_macro_v1_0_3 -L unisims_ver -L unimacro_ver -L secureip -L xpm --snapshot tb_gemv_behav xil_defaultlib.tb_gemv xil_defaultlib.glbl -log elaborate.log"
Vivado Simulator v2023.1
Copyright 1986-2022 Xilinx, Inc. All Rights Reserved.
Copyright 2022-2023 Advanced Micro Devices, Inc. All Rights Reserved.
Running: D:/Xilinx/Vivado/2023.1/bin/unwrapped/win64.o/xelab.exe --incr --debug typical --relax --mt 2 -L xil_defaultlib -L xbip_dsp48_wrapper_v3_0_4 -L xbip_utils_v3_0_10 -L xbip_pipe_v3_0_6 -L dsp_macro_v1_0_3 -L unisims_ver -L unimacro_ver -L secureip -L xpm --snapshot tb_gemv_behav xil_defaultlib.tb_gemv xil_defaultlib.glbl -log elaborate.log 
Using 2 slave threads.
Starting static elaboration
Pass Through NonSizing Optimizer
Completed static elaboration
Starting simulation data flow analysis
WARNING: [XSIM 43-4099] "D:/DSD2025/advanced_practice_1/prob1_GEMV/GEMV.srcs/sources_1/new/gemv.v" Line 1. Module gemv_default doesn't have a timescale but at least one module in design has a timescale.
WARNING: [XSIM 43-4099] "D:/DSD2025/advanced_practice_1/prob1_GEMV/GEMV.srcs/sources_1/new/MAC.v" Line 1. Module MAC doesn't have a timescale but at least one module in design has a timescale.
WARNING: [XSIM 43-4099] "D:/DSD2025/advanced_practice_1/prob1_GEMV/GEMV.srcs/sources_1/new/MAC.v" Line 1. Module MAC doesn't have a timescale but at least one module in design has a timescale.
WARNING: [XSIM 43-4099] "D:/DSD2025/advanced_practice_1/prob1_GEMV/GEMV.srcs/sources_1/new/MAC.v" Line 1. Module MAC doesn't have a timescale but at least one module in design has a timescale.
WARNING: [XSIM 43-4099] "D:/DSD2025/advanced_practice_1/prob1_GEMV/GEMV.srcs/sources_1/new/MAC.v" Line 1. Module MAC doesn't have a timescale but at least one module in design has a timescale.
WARNING: [XSIM 43-4099] "D:/DSD2025/advanced_practice_1/prob1_GEMV/GEMV.srcs/sources_1/new/MAC.v" Line 1. Module MAC doesn't have a timescale but at least one module in design has a timescale.
WARNING: [XSIM 43-4099] "D:/DSD2025/advanced_practice_1/prob1_GEMV/GEMV.srcs/sources_1/new/MAC.v" Line 1. Module MAC doesn't have a timescale but at least one module in design has a timescale.
WARNING: [XSIM 43-4099] "D:/DSD2025/advanced_practice_1/prob1_GEMV/GEMV.srcs/sources_1/new/MAC.v" Line 1. Module MAC doesn't have a timescale but at least one module in design has a timescale.
WARNING: [XSIM 43-4099] "D:/DSD2025/advanced_practice_1/prob1_GEMV/GEMV.srcs/sources_1/new/MAC.v" Line 1. Module MAC doesn't have a timescale but at least one module in design has a timescale.
WARNING: [XSIM 43-4099] "D:/DSD2025/advanced_practice_1/prob1_GEMV/GEMV.srcs/sources_1/new/MAC.v" Line 1. Module MAC doesn't have a timescale but at least one module in design has a timescale.
WARNING: [XSIM 43-4099] "D:/DSD2025/advanced_practice_1/prob1_GEMV/GEMV.srcs/sources_1/new/MAC.v" Line 1. Module MAC doesn't have a timescale but at least one module in design has a timescale.
WARNING: [XSIM 43-4099] "D:/DSD2025/advanced_practice_1/prob1_GEMV/GEMV.srcs/sources_1/new/MAC.v" Line 1. Module MAC doesn't have a timescale but at least one module in design has a timescale.
WARNING: [XSIM 43-4099] "D:/DSD2025/advanced_practice_1/prob1_GEMV/GEMV.srcs/sources_1/new/MAC.v" Line 1. Module MAC doesn't have a timescale but at least one module in design has a timescale.
WARNING: [XSIM 43-4099] "D:/DSD2025/advanced_practice_1/prob1_GEMV/GEMV.srcs/sources_1/new/MAC.v" Line 1. Module MAC doesn't have a timescale but at least one module in design has a timescale.
WARNING: [XSIM 43-4099] "D:/DSD2025/advanced_practice_1/prob1_GEMV/GEMV.srcs/sources_1/new/MAC.v" Line 1. Module MAC doesn't have a timescale but at least one module in design has a timescale.
WARNING: [XSIM 43-4099] "D:/DSD2025/advanced_practice_1/prob1_GEMV/GEMV.srcs/sources_1/new/MAC.v" Line 1. Module MAC doesn't have a timescale but at least one module in design has a timescale.
WARNING: [XSIM 43-4099] "D:/DSD2025/advanced_practice_1/prob1_GEMV/GEMV.srcs/sources_1/new/MAC.v" Line 1. Module MAC doesn't have a timescale but at least one module in design has a timescale.
WARNING: [XSIM 43-4099] "D:/DSD2025/advanced_practice_1/prob1_GEMV/GEMV.srcs/sources_1/new/gemv.v" Line 1. Module gemv_default doesn't have a timescale but at least one module in design has a timescale.
WARNING: [XSIM 43-4099] "D:/DSD2025/advanced_practice_1/prob1_GEMV/GEMV.srcs/sources_1/new/MAC.v" Line 1. Module MAC doesn't have a timescale but at least one module in design has a timescale.
WARNING: [XSIM 43-4099] "D:/DSD2025/advanced_practice_1/prob1_GEMV/GEMV.srcs/sources_1/new/MAC.v" Line 1. Module MAC doesn't have a timescale but at least one module in design has a timescale.
WARNING: [XSIM 43-4099] "D:/DSD2025/advanced_practice_1/prob1_GEMV/GEMV.srcs/sources_1/new/MAC.v" Line 1. Module MAC doesn't have a timescale but at least one module in design has a timescale.
WARNING: [XSIM 43-4099] "D:/DSD2025/advanced_practice_1/prob1_GEMV/GEMV.srcs/sources_1/new/MAC.v" Line 1. Module MAC doesn't have a timescale but at least one module in design has a timescale.
WARNING: [XSIM 43-4099] "D:/DSD2025/advanced_practice_1/prob1_GEMV/GEMV.srcs/sources_1/new/MAC.v" Line 1. Module MAC doesn't have a timescale but at least one module in design has a timescale.
WARNING: [XSIM 43-4099] "D:/DSD2025/advanced_practice_1/prob1_GEMV/GEMV.srcs/sources_1/new/MAC.v" Line 1. Module MAC doesn't have a timescale but at least one module in design has a timescale.
WARNING: [XSIM 43-4099] "D:/DSD2025/advanced_practice_1/prob1_GEMV/GEMV.srcs/sources_1/new/MAC.v" Line 1. Module MAC doesn't have a timescale but at least one module in design has a timescale.
WARNING: [XSIM 43-4099] "D:/DSD2025/advanced_practice_1/prob1_GEMV/GEMV.srcs/sources_1/new/MAC.v" Line 1. Module MAC doesn't have a timescale but at least one module in design has a timescale.
WARNING: [XSIM 43-4099] "D:/DSD2025/advanced_practice_1/prob1_GEMV/GEMV.srcs/sources_1/new/MAC.v" Line 1. Module MAC doesn't have a timescale but at least one module in design has a timescale.
WARNING: [XSIM 43-4099] "D:/DSD2025/advanced_practice_1/prob1_GEMV/GEMV.srcs/sources_1/new/MAC.v" Line 1. Module MAC doesn't have a timescale but at least one module in design has a timescale.
WARNING: [XSIM 43-4099] "D:/DSD2025/advanced_practice_1/prob1_GEMV/GEMV.srcs/sources_1/new/MAC.v" Line 1. Module MAC doesn't have a timescale but at least one module in design has a timescale.
WARNING: [XSIM 43-4099] "D:/DSD2025/advanced_practice_1/prob1_GEMV/GEMV.srcs/sources_1/new/MAC.v" Line 1. Module MAC doesn't have a timescale but at least one module in design has a timescale.
WARNING: [XSIM 43-4099] "D:/DSD2025/advanced_practice_1/prob1_GEMV/GEMV.srcs/sources_1/new/MAC.v" Line 1. Module MAC doesn't have a timescale but at least one module in design has a timescale.
WARNING: [XSIM 43-4099] "D:/DSD2025/advanced_practice_1/prob1_GEMV/GEMV.srcs/sources_1/new/MAC.v" Line 1. Module MAC doesn't have a timescale but at least one module in design has a timescale.
WARNING: [XSIM 43-4099] "D:/DSD2025/advanced_practice_1/prob1_GEMV/GEMV.srcs/sources_1/new/MAC.v" Line 1. Module MAC doesn't have a timescale but at least one module in design has a timescale.
WARNING: [XSIM 43-4099] "D:/DSD2025/advanced_practice_1/prob1_GEMV/GEMV.srcs/sources_1/new/MAC.v" Line 1. Module MAC doesn't have a timescale but at least one module in design has a timescale.
Completed simulation data flow analysis
Time Resolution for simulation is 1ps
Compiling package std.standard
Compiling package std.textio
Compiling package ieee.std_logic_1164
Compiling package ieee.numeric_std
Compiling package xbip_utils_v3_0_10.xbip_utils_v3_0_10_pkg
Compiling package dsp_macro_v1_0_3.dsp_macro_v1_0_3_viv_comp
Compiling package dsp_macro_v1_0_3.dsp_macro_v1_0_3_pkg
Compiling package unisim.vcomponents
Compiling package ieee.std_logic_arith
Compiling package ieee.std_logic_signed
Compiling package ieee.vital_timing
Compiling package ieee.vital_primitives
Compiling package unisim.vpkg
Compiling architecture synth of entity xbip_pipe_v3_0_6.xbip_pipe_v3_0_6_viv [\xbip_pipe_v3_0_6_viv(c_has_ce=1...]
Compiling architecture synth of entity xbip_pipe_v3_0_6.xbip_pipe_v3_0_6_viv [\xbip_pipe_v3_0_6_viv(c_has_ce=1...]
Compiling architecture dsp48e1_v of entity unisim.DSP48E1 [\DSP48E1(acascreg=0,adreg=0,alum...]
Compiling architecture synth of entity xbip_dsp48_wrapper_v3_0_4.xbip_dsp48e1_wrapper_v3_0 [\xbip_dsp48e1_wrapper_v3_0(mreg=...]
Compiling architecture synth of entity xbip_pipe_v3_0_6.xbip_pipe_v3_0_6_viv [\xbip_pipe_v3_0_6_viv(c_has_ce=1...]
Compiling architecture synth of entity xbip_pipe_v3_0_6.xbip_pipe_v3_0_6_viv [\xbip_pipe_v3_0_6_viv(c_has_ce=1...]
Compiling architecture synth of entity xbip_pipe_v3_0_6.xbip_pipe_v3_0_6_viv [\xbip_pipe_v3_0_6_viv(c_has_ce=1...]
Compiling architecture synth of entity xbip_pipe_v3_0_6.xbip_pipe_v3_0_6_viv [\xbip_pipe_v3_0_6_viv(c_has_ce=1...]
Compiling architecture synth of entity dsp_macro_v1_0_3.dsp_macro_synth [\dsp_macro_synth(c_xdevicefamily...]
Compiling architecture synth of entity dsp_macro_v1_0_3.dsp_macro_v1_0_3_viv [\dsp_macro_v1_0_3_viv(c_xdevicef...]
Compiling architecture xilinx of entity dsp_macro_v1_0_3.dsp_macro_v1_0_3 [\dsp_macro_v1_0_3(c_xdevicefamil...]
Compiling architecture dsp_macro_0_arch of entity xil_defaultlib.dsp_macro_0 [dsp_macro_0_default]
Compiling module xil_defaultlib.MAC
Compiling module xil_defaultlib.gemv_default
Compiling module xil_defaultlib.tb_gemv
Compiling module xil_defaultlib.glbl
Built simulation snapshot tb_gemv_behav
run_program: Time (s): cpu = 00:00:00 ; elapsed = 00:00:09 . Memory (MB): peak = 2592.898 ; gain = 0.000
INFO: [USF-XSim-69] 'elaborate' step finished in '9' seconds
launch_simulation: Time (s): cpu = 00:00:00 ; elapsed = 00:00:09 . Memory (MB): peak = 2592.898 ; gain = 0.000
Time resolution is 1 ps
$stop called at time : 155 ns : File "D:/DSD2025/advanced_practice_1/prob1_GEMV/GEMV.srcs/sim_1/new/tb_gemv.v" Line 61
relaunch_sim: Time (s): cpu = 00:00:02 ; elapsed = 00:00:15 . Memory (MB): peak = 2592.898 ; gain = 0.000
close_sim
INFO: [Simtcl 6-16] Simulation closed
exit
INFO: [Common 17-206] Exiting Vivado at Thu Sep  4 22:23:27 2025...
